CRITICAL - 2023-09-15 04:05:38 --> Invalid file: "main.php"
in SYSTEMPATH\Exceptions\FrameworkException.php on line 39.
 1 SYSTEMPATH\View\View.php(214): CodeIgniter\Exceptions\FrameworkException::forInvalidFile('main.php')
 2 SYSTEMPATH\Common.php(1188): CodeIgniter\View\View->render('main', [], true)
 3 APPPATH\Controllers\MainController.php(13): view('main', [...])
 4 SYSTEMPATH\CodeIgniter.php(919): App\Controllers\MainController->index()
 5 SYSTEMPATH\CodeIgniter.php(494): CodeIgniter\CodeIgniter->runController(Object(App\Controllers\MainController))
 6 SYSTEMPATH\CodeIgniter.php(353): CodeIgniter\CodeIgniter->handleRequest(null, Object(Config\Cache), false)
 7 FCPATH\index.php(79): CodeIgniter\CodeIgniter->run()
 8 SYSTEMPATH\Commands\Server\rewrite.php(47): require_once('C:\\laragon\\www\\3F3\\public\\index.php')
CRITICAL - 2023-09-15 04:06:45 --> Invalid file: "main.php"
in SYSTEMPATH\Exceptions\FrameworkException.php on line 39.
 1 SYSTEMPATH\View\View.php(214): CodeIgniter\Exceptions\FrameworkException::forInvalidFile('main.php')
 2 SYSTEMPATH\Common.php(1188): CodeIgniter\View\View->render('main', [], true)
 3 APPPATH\Controllers\MainController.php(13): view('main', [...])
 4 SYSTEMPATH\CodeIgniter.php(919): App\Controllers\MainController->index()
 5 SYSTEMPATH\CodeIgniter.php(494): CodeIgniter\CodeIgniter->runController(Object(App\Controllers\MainController))
 6 SYSTEMPATH\CodeIgniter.php(353): CodeIgniter\CodeIgniter->handleRequest(null, Object(Config\Cache), false)
 7 FCPATH\index.php(79): CodeIgniter\CodeIgniter->run()
 8 SYSTEMPATH\Commands\Server\rewrite.php(47): require_once('C:\\laragon\\www\\3F3\\public\\index.php')
CRITICAL - 2023-09-15 04:06:47 --> Invalid file: "main.php"
in SYSTEMPATH\Exceptions\FrameworkException.php on line 39.
 1 SYSTEMPATH\View\View.php(214): CodeIgniter\Exceptions\FrameworkException::forInvalidFile('main.php')
 2 SYSTEMPATH\Common.php(1188): CodeIgniter\View\View->render('main', [], true)
 3 APPPATH\Controllers\MainController.php(13): view('main', [...])
 4 SYSTEMPATH\CodeIgniter.php(919): App\Controllers\MainController->index()
 5 SYSTEMPATH\CodeIgniter.php(494): CodeIgniter\CodeIgniter->runController(Object(App\Controllers\MainController))
 6 SYSTEMPATH\CodeIgniter.php(353): CodeIgniter\CodeIgniter->handleRequest(null, Object(Config\Cache), false)
 7 FCPATH\index.php(79): CodeIgniter\CodeIgniter->run()
 8 SYSTEMPATH\Commands\Server\rewrite.php(47): require_once('C:\\laragon\\www\\3F3\\public\\index.php')
CRITICAL - 2023-09-15 04:08:56 --> Undefined variable $bb
in APPPATH\Views\main.php on line 18.
 1 APPPATH\Views\main.php(18): CodeIgniter\Debug\Exceptions->errorHandler(2, 'Undefined variable $bb', 'C:\\laragon\\www\\3F3\\app\\Views\\main.php', 18)
 2 SYSTEMPATH\View\View.php(226): include('C:\\laragon\\www\\3F3\\app\\Views\\main.php')
 3 SYSTEMPATH\View\View.php(229): CodeIgniter\View\View->CodeIgniter\View\{closure}()
 4 SYSTEMPATH\Common.php(1188): CodeIgniter\View\View->render('main', [], true)
 5 APPPATH\Controllers\MainController.php(13): view('main', [...])
 6 SYSTEMPATH\CodeIgniter.php(919): App\Controllers\MainController->index()
 7 SYSTEMPATH\CodeIgniter.php(494): CodeIgniter\CodeIgniter->runController(Object(App\Controllers\MainController))
 8 SYSTEMPATH\CodeIgniter.php(353): CodeIgniter\CodeIgniter->handleRequest(null, Object(Config\Cache), false)
 9 FCPATH\index.php(79): CodeIgniter\CodeIgniter->run()
10 SYSTEMPATH\Commands\Server\rewrite.php(47): require_once('C:\\laragon\\www\\3F3\\public\\index.php')
CRITICAL - 2023-09-15 04:08:57 --> Undefined variable $bb
in APPPATH\Views\main.php on line 18.
 1 APPPATH\Views\main.php(18): CodeIgniter\Debug\Exceptions->errorHandler(2, 'Undefined variable $bb', 'C:\\laragon\\www\\3F3\\app\\Views\\main.php', 18)
 2 SYSTEMPATH\View\View.php(226): include('C:\\laragon\\www\\3F3\\app\\Views\\main.php')
 3 SYSTEMPATH\View\View.php(229): CodeIgniter\View\View->CodeIgniter\View\{closure}()
 4 SYSTEMPATH\Common.php(1188): CodeIgniter\View\View->render('main', [], true)
 5 APPPATH\Controllers\MainController.php(13): view('main', [...])
 6 SYSTEMPATH\CodeIgniter.php(919): App\Controllers\MainController->index()
 7 SYSTEMPATH\CodeIgniter.php(494): CodeIgniter\CodeIgniter->runController(Object(App\Controllers\MainController))
 8 SYSTEMPATH\CodeIgniter.php(353): CodeIgniter\CodeIgniter->handleRequest(null, Object(Config\Cache), false)
 9 FCPATH\index.php(79): CodeIgniter\CodeIgniter->run()
10 SYSTEMPATH\Commands\Server\rewrite.php(47): require_once('C:\\laragon\\www\\3F3\\public\\index.php')
CRITICAL - 2023-09-15 04:10:17 --> Invalid file: "main .php"
in SYSTEMPATH\Exceptions\FrameworkException.php on line 39.
 1 SYSTEMPATH\View\View.php(214): CodeIgniter\Exceptions\FrameworkException::forInvalidFile('main .php')
 2 SYSTEMPATH\Common.php(1188): CodeIgniter\View\View->render('main ', [], true)
 3 APPPATH\Controllers\MainController.php(13): view('main ', [...])
 4 SYSTEMPATH\CodeIgniter.php(919): App\Controllers\MainController->index()
 5 SYSTEMPATH\CodeIgniter.php(494): CodeIgniter\CodeIgniter->runController(Object(App\Controllers\MainController))
 6 SYSTEMPATH\CodeIgniter.php(353): CodeIgniter\CodeIgniter->handleRequest(null, Object(Config\Cache), false)
 7 FCPATH\index.php(79): CodeIgniter\CodeIgniter->run()
 8 SYSTEMPATH\Commands\Server\rewrite.php(47): require_once('C:\\laragon\\www\\3F3\\public\\index.php')
CRITICAL - 2023-09-15 04:10:18 --> Invalid file: "main .php"
in SYSTEMPATH\Exceptions\FrameworkException.php on line 39.
 1 SYSTEMPATH\View\View.php(214): CodeIgniter\Exceptions\FrameworkException::forInvalidFile('main .php')
 2 SYSTEMPATH\Common.php(1188): CodeIgniter\View\View->render('main ', [], true)
 3 APPPATH\Controllers\MainController.php(13): view('main ', [...])
 4 SYSTEMPATH\CodeIgniter.php(919): App\Controllers\MainController->index()
 5 SYSTEMPATH\CodeIgniter.php(494): CodeIgniter\CodeIgniter->runController(Object(App\Controllers\MainController))
 6 SYSTEMPATH\CodeIgniter.php(353): CodeIgniter\CodeIgniter->handleRequest(null, Object(Config\Cache), false)
 7 FCPATH\index.php(79): CodeIgniter\CodeIgniter->run()
 8 SYSTEMPATH\Commands\Server\rewrite.php(47): require_once('C:\\laragon\\www\\3F3\\public\\index.php')
CRITICAL - 2023-09-15 04:10:19 --> Invalid file: "main .php"
in SYSTEMPATH\Exceptions\FrameworkException.php on line 39.
 1 SYSTEMPATH\View\View.php(214): CodeIgniter\Exceptions\FrameworkException::forInvalidFile('main .php')
 2 SYSTEMPATH\Common.php(1188): CodeIgniter\View\View->render('main ', [], true)
 3 APPPATH\Controllers\MainController.php(13): view('main ', [...])
 4 SYSTEMPATH\CodeIgniter.php(919): App\Controllers\MainController->index()
 5 SYSTEMPATH\CodeIgniter.php(494): CodeIgniter\CodeIgniter->runController(Object(App\Controllers\MainController))
 6 SYSTEMPATH\CodeIgniter.php(353): CodeIgniter\CodeIgniter->handleRequest(null, Object(Config\Cache), false)
 7 FCPATH\index.php(79): CodeIgniter\CodeIgniter->run()
 8 SYSTEMPATH\Commands\Server\rewrite.php(47): require_once('C:\\laragon\\www\\3F3\\public\\index.php')
ERROR - 2023-09-15 13:29:43 --> mysqli_sql_exception: Table 'codeigniter_db.product' doesn't exist in C:\laragon\www\3F3\system\Database\MySQLi\Connection.php:306
Stack trace:
#0 C:\laragon\www\3F3\system\Database\MySQLi\Connection.php(306): mysqli->query('SELECT *\nFROM `...', 0)
#1 C:\laragon\www\3F3\system\Database\BaseConnection.php(692): CodeIgniter\Database\MySQLi\Connection->execute('SELECT *\nFROM `...')
#2 C:\laragon\www\3F3\system\Database\BaseConnection.php(606): CodeIgniter\Database\BaseConnection->simpleQuery('SELECT *\nFROM `...')
#3 C:\laragon\www\3F3\system\Database\BaseBuilder.php(1615): CodeIgniter\Database\BaseConnection->query('SELECT *\nFROM `...', Array, false)
#4 C:\laragon\www\3F3\system\Model.php(237): CodeIgniter\Database\BaseBuilder->get()
#5 C:\laragon\www\3F3\system\BaseModel.php(624): CodeIgniter\Model->doFindAll(0, 0)
#6 C:\laragon\www\3F3\app\Controllers\ProductController.php(26): CodeIgniter\BaseModel->findAll()
#7 C:\laragon\www\3F3\system\CodeIgniter.php(919): App\Controllers\ProductController->index()
#8 C:\laragon\www\3F3\system\CodeIgniter.php(494): CodeIgniter\CodeIgniter->runController(Object(App\Controllers\ProductController))
#9 C:\laragon\www\3F3\system\CodeIgniter.php(353): CodeIgniter\CodeIgniter->handleRequest(NULL, Object(Config\Cache), false)
#10 C:\laragon\www\3F3\public\index.php(79): CodeIgniter\CodeIgniter->run()
#11 C:\laragon\www\3F3\system\Commands\Server\rewrite.php(47): require_once('C:\\laragon\\www\\...')
#12 {main}
CRITICAL - 2023-09-15 13:29:43 --> Table 'codeigniter_db.product' doesn't exist
in SYSTEMPATH\Database\BaseConnection.php on line 646.
 1 SYSTEMPATH\Database\BaseBuilder.php(1615): CodeIgniter\Database\BaseConnection->query('SELECT *
FROM `product`', [], false)
 2 SYSTEMPATH\Model.php(237): CodeIgniter\Database\BaseBuilder->get()
 3 SYSTEMPATH\BaseModel.php(624): CodeIgniter\Model->doFindAll(0, 0)
 4 APPPATH\Controllers\ProductController.php(26): CodeIgniter\BaseModel->findAll()
 5 SYSTEMPATH\CodeIgniter.php(919): App\Controllers\ProductController->index()
 6 SYSTEMPATH\CodeIgniter.php(494): CodeIgniter\CodeIgniter->runController(Object(App\Controllers\ProductController))
 7 SYSTEMPATH\CodeIgniter.php(353): CodeIgniter\CodeIgniter->handleRequest(null, Object(Config\Cache), false)
 8 FCPATH\index.php(79): CodeIgniter\CodeIgniter->run()
 9 SYSTEMPATH\Commands\Server\rewrite.php(47): require_once('C:\\laragon\\www\\3F3\\public\\index.php')
ERROR - 2023-09-15 13:29:58 --> mysqli_sql_exception: Table 'codeigniter_db.product' doesn't exist in C:\laragon\www\3F3\system\Database\MySQLi\Connection.php:306
Stack trace:
#0 C:\laragon\www\3F3\system\Database\MySQLi\Connection.php(306): mysqli->query('SELECT *\nFROM `...', 0)
#1 C:\laragon\www\3F3\system\Database\BaseConnection.php(692): CodeIgniter\Database\MySQLi\Connection->execute('SELECT *\nFROM `...')
#2 C:\laragon\www\3F3\system\Database\BaseConnection.php(606): CodeIgniter\Database\BaseConnection->simpleQuery('SELECT *\nFROM `...')
#3 C:\laragon\www\3F3\system\Database\BaseBuilder.php(1615): CodeIgniter\Database\BaseConnection->query('SELECT *\nFROM `...', Array, false)
#4 C:\laragon\www\3F3\system\Model.php(237): CodeIgniter\Database\BaseBuilder->get()
#5 C:\laragon\www\3F3\system\BaseModel.php(624): CodeIgniter\Model->doFindAll(0, 0)
#6 C:\laragon\www\3F3\app\Controllers\ProductController.php(26): CodeIgniter\BaseModel->findAll()
#7 C:\laragon\www\3F3\system\CodeIgniter.php(919): App\Controllers\ProductController->index()
#8 C:\laragon\www\3F3\system\CodeIgniter.php(494): CodeIgniter\CodeIgniter->runController(Object(App\Controllers\ProductController))
#9 C:\laragon\www\3F3\system\CodeIgniter.php(353): CodeIgniter\CodeIgniter->handleRequest(NULL, Object(Config\Cache), false)
#10 C:\laragon\www\3F3\public\index.php(79): CodeIgniter\CodeIgniter->run()
#11 C:\laragon\www\3F3\system\Commands\Server\rewrite.php(47): require_once('C:\\laragon\\www\\...')
#12 {main}
CRITICAL - 2023-09-15 13:29:58 --> Table 'codeigniter_db.product' doesn't exist
in SYSTEMPATH\Database\BaseConnection.php on line 646.
 1 SYSTEMPATH\Database\BaseBuilder.php(1615): CodeIgniter\Database\BaseConnection->query('SELECT *
FROM `product`', [], false)
 2 SYSTEMPATH\Model.php(237): CodeIgniter\Database\BaseBuilder->get()
 3 SYSTEMPATH\BaseModel.php(624): CodeIgniter\Model->doFindAll(0, 0)
 4 APPPATH\Controllers\ProductController.php(26): CodeIgniter\BaseModel->findAll()
 5 SYSTEMPATH\CodeIgniter.php(919): App\Controllers\ProductController->index()
 6 SYSTEMPATH\CodeIgniter.php(494): CodeIgniter\CodeIgniter->runController(Object(App\Controllers\ProductController))
 7 SYSTEMPATH\CodeIgniter.php(353): CodeIgniter\CodeIgniter->handleRequest(null, Object(Config\Cache), false)
 8 FCPATH\index.php(79): CodeIgniter\CodeIgniter->run()
 9 SYSTEMPATH\Commands\Server\rewrite.php(47): require_once('C:\\laragon\\www\\3F3\\public\\index.php')
ERROR - 2023-09-15 13:42:08 --> mysqli_sql_exception: Table 'codeigniter_db.product' doesn't exist in C:\laragon\www\3F3\system\Database\MySQLi\Connection.php:306
Stack trace:
#0 C:\laragon\www\3F3\system\Database\MySQLi\Connection.php(306): mysqli->query('SELECT *\nFROM `...', 0)
#1 C:\laragon\www\3F3\system\Database\BaseConnection.php(692): CodeIgniter\Database\MySQLi\Connection->execute('SELECT *\nFROM `...')
#2 C:\laragon\www\3F3\system\Database\BaseConnection.php(606): CodeIgniter\Database\BaseConnection->simpleQuery('SELECT *\nFROM `...')
#3 C:\laragon\www\3F3\system\Database\BaseBuilder.php(1615): CodeIgniter\Database\BaseConnection->query('SELECT *\nFROM `...', Array, false)
#4 C:\laragon\www\3F3\system\Model.php(237): CodeIgniter\Database\BaseBuilder->get()
#5 C:\laragon\www\3F3\system\BaseModel.php(624): CodeIgniter\Model->doFindAll(0, 0)
#6 C:\laragon\www\3F3\app\Controllers\ProductController.php(26): CodeIgniter\BaseModel->findAll()
#7 C:\laragon\www\3F3\system\CodeIgniter.php(919): App\Controllers\ProductController->index()
#8 C:\laragon\www\3F3\system\CodeIgniter.php(494): CodeIgniter\CodeIgniter->runController(Object(App\Controllers\ProductController))
#9 C:\laragon\www\3F3\system\CodeIgniter.php(353): CodeIgniter\CodeIgniter->handleRequest(NULL, Object(Config\Cache), false)
#10 C:\laragon\www\3F3\public\index.php(79): CodeIgniter\CodeIgniter->run()
#11 C:\laragon\www\3F3\system\Commands\Server\rewrite.php(47): require_once('C:\\laragon\\www\\...')
#12 {main}
CRITICAL - 2023-09-15 13:42:08 --> Table 'codeigniter_db.product' doesn't exist
in SYSTEMPATH\Database\BaseConnection.php on line 646.
 1 SYSTEMPATH\Database\BaseBuilder.php(1615): CodeIgniter\Database\BaseConnection->query('SELECT *
FROM `product`', [], false)
 2 SYSTEMPATH\Model.php(237): CodeIgniter\Database\BaseBuilder->get()
 3 SYSTEMPATH\BaseModel.php(624): CodeIgniter\Model->doFindAll(0, 0)
 4 APPPATH\Controllers\ProductController.php(26): CodeIgniter\BaseModel->findAll()
 5 SYSTEMPATH\CodeIgniter.php(919): App\Controllers\ProductController->index()
 6 SYSTEMPATH\CodeIgniter.php(494): CodeIgniter\CodeIgniter->runController(Object(App\Controllers\ProductController))
 7 SYSTEMPATH\CodeIgniter.php(353): CodeIgniter\CodeIgniter->handleRequest(null, Object(Config\Cache), false)
 8 FCPATH\index.php(79): CodeIgniter\CodeIgniter->run()
 9 SYSTEMPATH\Commands\Server\rewrite.php(47): require_once('C:\\laragon\\www\\3F3\\public\\index.php')
ERROR - 2023-09-15 13:50:18 --> mysqli_sql_exception: Table 'codeigniter_db.product' doesn't exist in C:\laragon\www\3F3\system\Database\MySQLi\Connection.php:306
Stack trace:
#0 C:\laragon\www\3F3\system\Database\MySQLi\Connection.php(306): mysqli->query('SELECT *\nFROM `...', 0)
#1 C:\laragon\www\3F3\system\Database\BaseConnection.php(692): CodeIgniter\Database\MySQLi\Connection->execute('SELECT *\nFROM `...')
#2 C:\laragon\www\3F3\system\Database\BaseConnection.php(606): CodeIgniter\Database\BaseConnection->simpleQuery('SELECT *\nFROM `...')
#3 C:\laragon\www\3F3\system\Database\BaseBuilder.php(1615): CodeIgniter\Database\BaseConnection->query('SELECT *\nFROM `...', Array, false)
#4 C:\laragon\www\3F3\system\Model.php(237): CodeIgniter\Database\BaseBuilder->get()
#5 C:\laragon\www\3F3\system\BaseModel.php(624): CodeIgniter\Model->doFindAll(0, 0)
#6 C:\laragon\www\3F3\app\Controllers\ProductController.php(26): CodeIgniter\BaseModel->findAll()
#7 C:\laragon\www\3F3\system\CodeIgniter.php(919): App\Controllers\ProductController->index()
#8 C:\laragon\www\3F3\system\CodeIgniter.php(494): CodeIgniter\CodeIgniter->runController(Object(App\Controllers\ProductController))
#9 C:\laragon\www\3F3\system\CodeIgniter.php(353): CodeIgniter\CodeIgniter->handleRequest(NULL, Object(Config\Cache), false)
#10 C:\laragon\www\3F3\public\index.php(79): CodeIgniter\CodeIgniter->run()
#11 C:\laragon\www\3F3\system\Commands\Server\rewrite.php(47): require_once('C:\\laragon\\www\\...')
#12 {main}
CRITICAL - 2023-09-15 13:50:18 --> Table 'codeigniter_db.product' doesn't exist
in SYSTEMPATH\Database\BaseConnection.php on line 646.
 1 SYSTEMPATH\Database\BaseBuilder.php(1615): CodeIgniter\Database\BaseConnection->query('SELECT *
FROM `product`', [], false)
 2 SYSTEMPATH\Model.php(237): CodeIgniter\Database\BaseBuilder->get()
 3 SYSTEMPATH\BaseModel.php(624): CodeIgniter\Model->doFindAll(0, 0)
 4 APPPATH\Controllers\ProductController.php(26): CodeIgniter\BaseModel->findAll()
 5 SYSTEMPATH\CodeIgniter.php(919): App\Controllers\ProductController->index()
 6 SYSTEMPATH\CodeIgniter.php(494): CodeIgniter\CodeIgniter->runController(Object(App\Controllers\ProductController))
 7 SYSTEMPATH\CodeIgniter.php(353): CodeIgniter\CodeIgniter->handleRequest(null, Object(Config\Cache), false)
 8 FCPATH\index.php(79): CodeIgniter\CodeIgniter->run()
 9 SYSTEMPATH\Commands\Server\rewrite.php(47): require_once('C:\\laragon\\www\\3F3\\public\\index.php')
ERROR - 2023-09-15 14:09:36 --> mysqli_sql_exception: Table 'codeigniter_db.product' doesn't exist in C:\laragon\www\3F3\system\Database\MySQLi\Connection.php:306
Stack trace:
#0 C:\laragon\www\3F3\system\Database\MySQLi\Connection.php(306): mysqli->query('SELECT *\nFROM `...', 0)
#1 C:\laragon\www\3F3\system\Database\BaseConnection.php(692): CodeIgniter\Database\MySQLi\Connection->execute('SELECT *\nFROM `...')
#2 C:\laragon\www\3F3\system\Database\BaseConnection.php(606): CodeIgniter\Database\BaseConnection->simpleQuery('SELECT *\nFROM `...')
#3 C:\laragon\www\3F3\system\Database\BaseBuilder.php(1615): CodeIgniter\Database\BaseConnection->query('SELECT *\nFROM `...', Array, false)
#4 C:\laragon\www\3F3\system\Model.php(237): CodeIgniter\Database\BaseBuilder->get()
#5 C:\laragon\www\3F3\system\BaseModel.php(624): CodeIgniter\Model->doFindAll(0, 0)
#6 C:\laragon\www\3F3\app\Controllers\ProductController.php(26): CodeIgniter\BaseModel->findAll()
#7 C:\laragon\www\3F3\system\CodeIgniter.php(919): App\Controllers\ProductController->index()
#8 C:\laragon\www\3F3\system\CodeIgniter.php(494): CodeIgniter\CodeIgniter->runController(Object(App\Controllers\ProductController))
#9 C:\laragon\www\3F3\system\CodeIgniter.php(353): CodeIgniter\CodeIgniter->handleRequest(NULL, Object(Config\Cache), false)
#10 C:\laragon\www\3F3\public\index.php(79): CodeIgniter\CodeIgniter->run()
#11 C:\laragon\www\3F3\system\Commands\Server\rewrite.php(47): require_once('C:\\laragon\\www\\...')
#12 {main}
CRITICAL - 2023-09-15 14:09:36 --> Table 'codeigniter_db.product' doesn't exist
in SYSTEMPATH\Database\BaseConnection.php on line 646.
 1 SYSTEMPATH\Database\BaseBuilder.php(1615): CodeIgniter\Database\BaseConnection->query('SELECT *
FROM `product`', [], false)
 2 SYSTEMPATH\Model.php(237): CodeIgniter\Database\BaseBuilder->get()
 3 SYSTEMPATH\BaseModel.php(624): CodeIgniter\Model->doFindAll(0, 0)
 4 APPPATH\Controllers\ProductController.php(26): CodeIgniter\BaseModel->findAll()
 5 SYSTEMPATH\CodeIgniter.php(919): App\Controllers\ProductController->index()
 6 SYSTEMPATH\CodeIgniter.php(494): CodeIgniter\CodeIgniter->runController(Object(App\Controllers\ProductController))
 7 SYSTEMPATH\CodeIgniter.php(353): CodeIgniter\CodeIgniter->handleRequest(null, Object(Config\Cache), false)
 8 FCPATH\index.php(79): CodeIgniter\CodeIgniter->run()
 9 SYSTEMPATH\Commands\Server\rewrite.php(47): require_once('C:\\laragon\\www\\3F3\\public\\index.php')
CRITICAL - 2023-09-15 14:34:30 --> Array callback must have exactly two elements
in APPPATH\Controllers\ProductController.php on line 12.
 1 SYSTEMPATH\CodeIgniter.php(919): App\Controllers\ProductController->index()
 2 SYSTEMPATH\CodeIgniter.php(494): CodeIgniter\CodeIgniter->runController(Object(App\Controllers\ProductController))
 3 SYSTEMPATH\CodeIgniter.php(353): CodeIgniter\CodeIgniter->handleRequest(null, Object(Config\Cache), false)
 4 FCPATH\index.php(79): CodeIgniter\CodeIgniter->run()
 5 SYSTEMPATH\Commands\Server\rewrite.php(47): require_once('C:\\laragon\\www\\3F3\\public\\index.php')
CRITICAL - 2023-09-15 14:35:38 --> Assignments can only happen to writable values
in APPPATH\Controllers\ProductController.php on line 12.
 1 [internal function]: CodeIgniter\Debug\Exceptions->shutdownHandler()
CRITICAL - 2023-09-15 14:37:34 --> Undefined variable $aa
in APPPATH\Views\main.php on line 40.
 1 APPPATH\Views\main.php(40): CodeIgniter\Debug\Exceptions->errorHandler(2, 'Undefined variable $aa', 'C:\\laragon\\www\\3F3\\app\\Views\\main.php', 40)
 2 SYSTEMPATH\View\View.php(226): include('C:\\laragon\\www\\3F3\\app\\Views\\main.php')
 3 SYSTEMPATH\View\View.php(229): CodeIgniter\View\View->CodeIgniter\View\{closure}()
 4 SYSTEMPATH\Common.php(1188): CodeIgniter\View\View->render('main', [], true)
 5 APPPATH\Controllers\ProductController.php(13): view('main', [...])
 6 SYSTEMPATH\CodeIgniter.php(919): App\Controllers\ProductController->index()
 7 SYSTEMPATH\CodeIgniter.php(494): CodeIgniter\CodeIgniter->runController(Object(App\Controllers\ProductController))
 8 SYSTEMPATH\CodeIgniter.php(353): CodeIgniter\CodeIgniter->handleRequest(null, Object(Config\Cache), false)
 9 FCPATH\index.php(79): CodeIgniter\CodeIgniter->run()
10 SYSTEMPATH\Commands\Server\rewrite.php(47): require_once('C:\\laragon\\www\\3F3\\public\\index.php')
CRITICAL - 2023-09-15 14:39:42 --> Undefined variable $aa
in APPPATH\Views\main.php on line 40.
 1 APPPATH\Views\main.php(40): CodeIgniter\Debug\Exceptions->errorHandler(2, 'Undefined variable $aa', 'C:\\laragon\\www\\3F3\\app\\Views\\main.php', 40)
 2 SYSTEMPATH\View\View.php(226): include('C:\\laragon\\www\\3F3\\app\\Views\\main.php')
 3 SYSTEMPATH\View\View.php(229): CodeIgniter\View\View->CodeIgniter\View\{closure}()
 4 SYSTEMPATH\Common.php(1188): CodeIgniter\View\View->render('main', [], true)
 5 APPPATH\Controllers\ProductController.php(13): view('main', [...])
 6 SYSTEMPATH\CodeIgniter.php(919): App\Controllers\ProductController->index()
 7 SYSTEMPATH\CodeIgniter.php(494): CodeIgniter\CodeIgniter->runController(Object(App\Controllers\ProductController))
 8 SYSTEMPATH\CodeIgniter.php(353): CodeIgniter\CodeIgniter->handleRequest(null, Object(Config\Cache), false)
 9 FCPATH\index.php(79): CodeIgniter\CodeIgniter->run()
10 SYSTEMPATH\Commands\Server\rewrite.php(47): require_once('C:\\laragon\\www\\3F3\\public\\index.php')
CRITICAL - 2023-09-15 14:41:24 --> Undefined array key "Created_at"
in APPPATH\Views\main.php on line 46.
 1 APPPATH\Views\main.php(46): CodeIgniter\Debug\Exceptions->errorHandler(2, 'Undefined array key "Created_at"', 'C:\\laragon\\www\\3F3\\app\\Views\\main.php', 46)
 2 SYSTEMPATH\View\View.php(226): include('C:\\laragon\\www\\3F3\\app\\Views\\main.php')
 3 SYSTEMPATH\View\View.php(229): CodeIgniter\View\View->CodeIgniter\View\{closure}()
 4 SYSTEMPATH\Common.php(1188): CodeIgniter\View\View->render('main', [], true)
 5 APPPATH\Controllers\ProductController.php(13): view('main', [...])
 6 SYSTEMPATH\CodeIgniter.php(919): App\Controllers\ProductController->index()
 7 SYSTEMPATH\CodeIgniter.php(494): CodeIgniter\CodeIgniter->runController(Object(App\Controllers\ProductController))
 8 SYSTEMPATH\CodeIgniter.php(353): CodeIgniter\CodeIgniter->handleRequest(null, Object(Config\Cache), false)
 9 FCPATH\index.php(79): CodeIgniter\CodeIgniter->run()
10 SYSTEMPATH\Commands\Server\rewrite.php(47): require_once('C:\\laragon\\www\\3F3\\public\\index.php')
ERROR - 2023-09-15 14:44:32 --> mysqli_sql_exception: Column 'Create_at' cannot be null in C:\laragon\www\3F3\system\Database\MySQLi\Connection.php:306
Stack trace:
#0 C:\laragon\www\3F3\system\Database\MySQLi\Connection.php(306): mysqli->query('INSERT INTO `pr...', 0)
#1 C:\laragon\www\3F3\system\Database\BaseConnection.php(692): CodeIgniter\Database\MySQLi\Connection->execute('INSERT INTO `pr...')
#2 C:\laragon\www\3F3\system\Database\BaseConnection.php(606): CodeIgniter\Database\BaseConnection->simpleQuery('INSERT INTO `pr...')
#3 C:\laragon\www\3F3\system\Database\BaseBuilder.php(2308): CodeIgniter\Database\BaseConnection->query('INSERT INTO `pr...', Array, false)
#4 C:\laragon\www\3F3\system\Model.php(319): CodeIgniter\Database\BaseBuilder->insert()
#5 C:\laragon\www\3F3\system\BaseModel.php(788): CodeIgniter\Model->doInsert(Array)
#6 C:\laragon\www\3F3\system\Model.php(715): CodeIgniter\BaseModel->insert(Array, false)
#7 C:\laragon\www\3F3\system\BaseModel.php(698): CodeIgniter\Model->insert(Array, false)
#8 C:\laragon\www\3F3\app\Controllers\ProductController.php(30): CodeIgniter\BaseModel->save(Array)
#9 C:\laragon\www\3F3\system\CodeIgniter.php(919): App\Controllers\ProductController->save()
#10 C:\laragon\www\3F3\system\CodeIgniter.php(494): CodeIgniter\CodeIgniter->runController(Object(App\Controllers\ProductController))
#11 C:\laragon\www\3F3\system\CodeIgniter.php(353): CodeIgniter\CodeIgniter->handleRequest(NULL, Object(Config\Cache), false)
#12 C:\laragon\www\3F3\public\index.php(79): CodeIgniter\CodeIgniter->run()
#13 C:\laragon\www\3F3\system\Commands\Server\rewrite.php(47): require_once('C:\\laragon\\www\\...')
#14 {main}
CRITICAL - 2023-09-15 14:44:32 --> Column 'Create_at' cannot be null
in SYSTEMPATH\Database\BaseConnection.php on line 646.
 1 SYSTEMPATH\Database\BaseBuilder.php(2308): CodeIgniter\Database\BaseConnection->query('INSERT INTO `product` (`UPC`, `ProductName`, `Price`, `Quantity`, `Create_at`) VALUES (:UPC:, :ProductName:, :Price:, :Quantity:, :Create_at:)', [...], false)
 2 SYSTEMPATH\Model.php(319): CodeIgniter\Database\BaseBuilder->insert()
 3 SYSTEMPATH\BaseModel.php(788): CodeIgniter\Model->doInsert([...])
 4 SYSTEMPATH\Model.php(715): CodeIgniter\BaseModel->insert([...], false)
 5 SYSTEMPATH\BaseModel.php(698): CodeIgniter\Model->insert([...], false)
 6 APPPATH\Controllers\ProductController.php(30): CodeIgniter\BaseModel->save([...])
 7 SYSTEMPATH\CodeIgniter.php(919): App\Controllers\ProductController->save()
 8 SYSTEMPATH\CodeIgniter.php(494): CodeIgniter\CodeIgniter->runController(Object(App\Controllers\ProductController))
 9 SYSTEMPATH\CodeIgniter.php(353): CodeIgniter\CodeIgniter->handleRequest(null, Object(Config\Cache), false)
10 FCPATH\index.php(79): CodeIgniter\CodeIgniter->run()
11 SYSTEMPATH\Commands\Server\rewrite.php(47): require_once('C:\\laragon\\www\\3F3\\public\\index.php')
CRITICAL - 2023-09-15 15:25:38 --> syntax error, unexpected token "}"
in APPPATH\Controllers\ProductController.php on line 39.
 1 SYSTEMPATH\Autoloader\Autoloader.php(285): CodeIgniter\Autoloader\Autoloader->includeFile('C:\\laragon\\www\\3F3\\app\\Controllers\\ProductController.php')
 2 SYSTEMPATH\Autoloader\Autoloader.php(263): CodeIgniter\Autoloader\Autoloader->loadInNamespace('App\\Controllers\\ProductController')
 3 [internal function]: CodeIgniter\Autoloader\Autoloader->loadClass('App\\Controllers\\ProductController')
 4 SYSTEMPATH\CodeIgniter.php(877): class_exists('\\App\\Controllers\\ProductController', true)
 5 SYSTEMPATH\CodeIgniter.php(481): CodeIgniter\CodeIgniter->startController()
 6 SYSTEMPATH\CodeIgniter.php(353): CodeIgniter\CodeIgniter->handleRequest(null, Object(Config\Cache), false)
 7 FCPATH\index.php(79): CodeIgniter\CodeIgniter->run()
 8 SYSTEMPATH\Commands\Server\rewrite.php(47): require_once('C:\\laragon\\www\\3F3\\public\\index.php')
CRITICAL - 2023-09-15 16:05:19 --> Undefined variable $product
in APPPATH\Views\main.php on line 48.
 1 APPPATH\Views\main.php(48): CodeIgniter\Debug\Exceptions->errorHandler(2, 'Undefined variable $product', 'C:\\laragon\\www\\3F3\\app\\Views\\main.php', 48)
 2 SYSTEMPATH\View\View.php(226): include('C:\\laragon\\www\\3F3\\app\\Views\\main.php')
 3 SYSTEMPATH\View\View.php(229): CodeIgniter\View\View->CodeIgniter\View\{closure}()
 4 SYSTEMPATH\Common.php(1188): CodeIgniter\View\View->render('main', [], true)
 5 APPPATH\Controllers\ProductController.php(13): view('main', [...])
 6 SYSTEMPATH\CodeIgniter.php(919): App\Controllers\ProductController->index()
 7 SYSTEMPATH\CodeIgniter.php(494): CodeIgniter\CodeIgniter->runController(Object(App\Controllers\ProductController))
 8 SYSTEMPATH\CodeIgniter.php(353): CodeIgniter\CodeIgniter->handleRequest(null, Object(Config\Cache), false)
 9 FCPATH\index.php(79): CodeIgniter\CodeIgniter->run()
10 SYSTEMPATH\Commands\Server\rewrite.php(47): require_once('C:\\laragon\\www\\3F3\\public\\index.php')
CRITICAL - 2023-09-15 16:05:49 --> Undefined variable $Product
in APPPATH\Views\main.php on line 48.
 1 APPPATH\Views\main.php(48): CodeIgniter\Debug\Exceptions->errorHandler(2, 'Undefined variable $Product', 'C:\\laragon\\www\\3F3\\app\\Views\\main.php', 48)
 2 SYSTEMPATH\View\View.php(226): include('C:\\laragon\\www\\3F3\\app\\Views\\main.php')
 3 SYSTEMPATH\View\View.php(229): CodeIgniter\View\View->CodeIgniter\View\{closure}()
 4 SYSTEMPATH\Common.php(1188): CodeIgniter\View\View->render('main', [], true)
 5 APPPATH\Controllers\ProductController.php(13): view('main', [...])
 6 SYSTEMPATH\CodeIgniter.php(919): App\Controllers\ProductController->index()
 7 SYSTEMPATH\CodeIgniter.php(494): CodeIgniter\CodeIgniter->runController(Object(App\Controllers\ProductController))
 8 SYSTEMPATH\CodeIgniter.php(353): CodeIgniter\CodeIgniter->handleRequest(null, Object(Config\Cache), false)
 9 FCPATH\index.php(79): CodeIgniter\CodeIgniter->run()
10 SYSTEMPATH\Commands\Server\rewrite.php(47): require_once('C:\\laragon\\www\\3F3\\public\\index.php')
CRITICAL - 2023-09-15 16:05:50 --> Undefined variable $Product
in APPPATH\Views\main.php on line 48.
 1 APPPATH\Views\main.php(48): CodeIgniter\Debug\Exceptions->errorHandler(2, 'Undefined variable $Product', 'C:\\laragon\\www\\3F3\\app\\Views\\main.php', 48)
 2 SYSTEMPATH\View\View.php(226): include('C:\\laragon\\www\\3F3\\app\\Views\\main.php')
 3 SYSTEMPATH\View\View.php(229): CodeIgniter\View\View->CodeIgniter\View\{closure}()
 4 SYSTEMPATH\Common.php(1188): CodeIgniter\View\View->render('main', [], true)
 5 APPPATH\Controllers\ProductController.php(13): view('main', [...])
 6 SYSTEMPATH\CodeIgniter.php(919): App\Controllers\ProductController->index()
 7 SYSTEMPATH\CodeIgniter.php(494): CodeIgniter\CodeIgniter->runController(Object(App\Controllers\ProductController))
 8 SYSTEMPATH\CodeIgniter.php(353): CodeIgniter\CodeIgniter->handleRequest(null, Object(Config\Cache), false)
 9 FCPATH\index.php(79): CodeIgniter\CodeIgniter->run()
10 SYSTEMPATH\Commands\Server\rewrite.php(47): require_once('C:\\laragon\\www\\3F3\\public\\index.php')
CRITICAL - 2023-09-15 16:06:28 --> Undefined variable $Product
in APPPATH\Views\main.php on line 48.
 1 APPPATH\Views\main.php(48): CodeIgniter\Debug\Exceptions->errorHandler(2, 'Undefined variable $Product', 'C:\\laragon\\www\\3F3\\app\\Views\\main.php', 48)
 2 SYSTEMPATH\View\View.php(226): include('C:\\laragon\\www\\3F3\\app\\Views\\main.php')
 3 SYSTEMPATH\View\View.php(229): CodeIgniter\View\View->CodeIgniter\View\{closure}()
 4 SYSTEMPATH\Common.php(1188): CodeIgniter\View\View->render('main', [], true)
 5 APPPATH\Controllers\ProductController.php(13): view('main', [...])
 6 SYSTEMPATH\CodeIgniter.php(919): App\Controllers\ProductController->index()
 7 SYSTEMPATH\CodeIgniter.php(494): CodeIgniter\CodeIgniter->runController(Object(App\Controllers\ProductController))
 8 SYSTEMPATH\CodeIgniter.php(353): CodeIgniter\CodeIgniter->handleRequest(null, Object(Config\Cache), false)
 9 FCPATH\index.php(79): CodeIgniter\CodeIgniter->run()
10 SYSTEMPATH\Commands\Server\rewrite.php(47): require_once('C:\\laragon\\www\\3F3\\public\\index.php')
CRITICAL - 2023-09-15 16:06:30 --> Undefined variable $Product
in APPPATH\Views\main.php on line 48.
 1 APPPATH\Views\main.php(48): CodeIgniter\Debug\Exceptions->errorHandler(2, 'Undefined variable $Product', 'C:\\laragon\\www\\3F3\\app\\Views\\main.php', 48)
 2 SYSTEMPATH\View\View.php(226): include('C:\\laragon\\www\\3F3\\app\\Views\\main.php')
 3 SYSTEMPATH\View\View.php(229): CodeIgniter\View\View->CodeIgniter\View\{closure}()
 4 SYSTEMPATH\Common.php(1188): CodeIgniter\View\View->render('main', [], true)
 5 APPPATH\Controllers\ProductController.php(13): view('main', [...])
 6 SYSTEMPATH\CodeIgniter.php(919): App\Controllers\ProductController->index()
 7 SYSTEMPATH\CodeIgniter.php(494): CodeIgniter\CodeIgniter->runController(Object(App\Controllers\ProductController))
 8 SYSTEMPATH\CodeIgniter.php(353): CodeIgniter\CodeIgniter->handleRequest(null, Object(Config\Cache), false)
 9 FCPATH\index.php(79): CodeIgniter\CodeIgniter->run()
10 SYSTEMPATH\Commands\Server\rewrite.php(47): require_once('C:\\laragon\\www\\3F3\\public\\index.php')
CRITICAL - 2023-09-15 16:06:35 --> Undefined variable $Product
in APPPATH\Views\main.php on line 48.
 1 APPPATH\Views\main.php(48): CodeIgniter\Debug\Exceptions->errorHandler(2, 'Undefined variable $Product', 'C:\\laragon\\www\\3F3\\app\\Views\\main.php', 48)
 2 SYSTEMPATH\View\View.php(226): include('C:\\laragon\\www\\3F3\\app\\Views\\main.php')
 3 SYSTEMPATH\View\View.php(229): CodeIgniter\View\View->CodeIgniter\View\{closure}()
 4 SYSTEMPATH\Common.php(1188): CodeIgniter\View\View->render('main', [], true)
 5 APPPATH\Controllers\ProductController.php(13): view('main', [...])
 6 SYSTEMPATH\CodeIgniter.php(919): App\Controllers\ProductController->index()
 7 SYSTEMPATH\CodeIgniter.php(494): CodeIgniter\CodeIgniter->runController(Object(App\Controllers\ProductController))
 8 SYSTEMPATH\CodeIgniter.php(353): CodeIgniter\CodeIgniter->handleRequest(null, Object(Config\Cache), false)
 9 FCPATH\index.php(79): CodeIgniter\CodeIgniter->run()
10 SYSTEMPATH\Commands\Server\rewrite.php(47): require_once('C:\\laragon\\www\\3F3\\public\\index.php')
CRITICAL - 2023-09-15 16:06:39 --> Undefined variable $Product
in APPPATH\Views\main.php on line 48.
 1 APPPATH\Views\main.php(48): CodeIgniter\Debug\Exceptions->errorHandler(2, 'Undefined variable $Product', 'C:\\laragon\\www\\3F3\\app\\Views\\main.php', 48)
 2 SYSTEMPATH\View\View.php(226): include('C:\\laragon\\www\\3F3\\app\\Views\\main.php')
 3 SYSTEMPATH\View\View.php(229): CodeIgniter\View\View->CodeIgniter\View\{closure}()
 4 SYSTEMPATH\Common.php(1188): CodeIgniter\View\View->render('main', [], true)
 5 APPPATH\Controllers\ProductController.php(13): view('main', [...])
 6 SYSTEMPATH\CodeIgniter.php(919): App\Controllers\ProductController->index()
 7 SYSTEMPATH\CodeIgniter.php(494): CodeIgniter\CodeIgniter->runController(Object(App\Controllers\ProductController))
 8 SYSTEMPATH\CodeIgniter.php(353): CodeIgniter\CodeIgniter->handleRequest(null, Object(Config\Cache), false)
 9 FCPATH\index.php(79): CodeIgniter\CodeIgniter->run()
10 SYSTEMPATH\Commands\Server\rewrite.php(47): require_once('C:\\laragon\\www\\3F3\\public\\index.php')
CRITICAL - 2023-09-15 16:06:41 --> Undefined variable $Product
in APPPATH\Views\main.php on line 48.
 1 APPPATH\Views\main.php(48): CodeIgniter\Debug\Exceptions->errorHandler(2, 'Undefined variable $Product', 'C:\\laragon\\www\\3F3\\app\\Views\\main.php', 48)
 2 SYSTEMPATH\View\View.php(226): include('C:\\laragon\\www\\3F3\\app\\Views\\main.php')
 3 SYSTEMPATH\View\View.php(229): CodeIgniter\View\View->CodeIgniter\View\{closure}()
 4 SYSTEMPATH\Common.php(1188): CodeIgniter\View\View->render('main', [], true)
 5 APPPATH\Controllers\ProductController.php(13): view('main', [...])
 6 SYSTEMPATH\CodeIgniter.php(919): App\Controllers\ProductController->index()
 7 SYSTEMPATH\CodeIgniter.php(494): CodeIgniter\CodeIgniter->runController(Object(App\Controllers\ProductController))
 8 SYSTEMPATH\CodeIgniter.php(353): CodeIgniter\CodeIgniter->handleRequest(null, Object(Config\Cache), false)
 9 FCPATH\index.php(79): CodeIgniter\CodeIgniter->run()
10 SYSTEMPATH\Commands\Server\rewrite.php(47): require_once('C:\\laragon\\www\\3F3\\public\\index.php')
CRITICAL - 2023-09-15 16:06:42 --> Undefined variable $Product
in APPPATH\Views\main.php on line 48.
 1 APPPATH\Views\main.php(48): CodeIgniter\Debug\Exceptions->errorHandler(2, 'Undefined variable $Product', 'C:\\laragon\\www\\3F3\\app\\Views\\main.php', 48)
 2 SYSTEMPATH\View\View.php(226): include('C:\\laragon\\www\\3F3\\app\\Views\\main.php')
 3 SYSTEMPATH\View\View.php(229): CodeIgniter\View\View->CodeIgniter\View\{closure}()
 4 SYSTEMPATH\Common.php(1188): CodeIgniter\View\View->render('main', [], true)
 5 APPPATH\Controllers\ProductController.php(13): view('main', [...])
 6 SYSTEMPATH\CodeIgniter.php(919): App\Controllers\ProductController->index()
 7 SYSTEMPATH\CodeIgniter.php(494): CodeIgniter\CodeIgniter->runController(Object(App\Controllers\ProductController))
 8 SYSTEMPATH\CodeIgniter.php(353): CodeIgniter\CodeIgniter->handleRequest(null, Object(Config\Cache), false)
 9 FCPATH\index.php(79): CodeIgniter\CodeIgniter->run()
10 SYSTEMPATH\Commands\Server\rewrite.php(47): require_once('C:\\laragon\\www\\3F3\\public\\index.php')
CRITICAL - 2023-09-15 16:06:42 --> Undefined variable $Product
in APPPATH\Views\main.php on line 48.
 1 APPPATH\Views\main.php(48): CodeIgniter\Debug\Exceptions->errorHandler(2, 'Undefined variable $Product', 'C:\\laragon\\www\\3F3\\app\\Views\\main.php', 48)
 2 SYSTEMPATH\View\View.php(226): include('C:\\laragon\\www\\3F3\\app\\Views\\main.php')
 3 SYSTEMPATH\View\View.php(229): CodeIgniter\View\View->CodeIgniter\View\{closure}()
 4 SYSTEMPATH\Common.php(1188): CodeIgniter\View\View->render('main', [], true)
 5 APPPATH\Controllers\ProductController.php(13): view('main', [...])
 6 SYSTEMPATH\CodeIgniter.php(919): App\Controllers\ProductController->index()
 7 SYSTEMPATH\CodeIgniter.php(494): CodeIgniter\CodeIgniter->runController(Object(App\Controllers\ProductController))
 8 SYSTEMPATH\CodeIgniter.php(353): CodeIgniter\CodeIgniter->handleRequest(null, Object(Config\Cache), false)
 9 FCPATH\index.php(79): CodeIgniter\CodeIgniter->run()
10 SYSTEMPATH\Commands\Server\rewrite.php(47): require_once('C:\\laragon\\www\\3F3\\public\\index.php')
CRITICAL - 2023-09-15 16:06:44 --> Undefined variable $Product
in APPPATH\Views\main.php on line 48.
 1 APPPATH\Views\main.php(48): CodeIgniter\Debug\Exceptions->errorHandler(2, 'Undefined variable $Product', 'C:\\laragon\\www\\3F3\\app\\Views\\main.php', 48)
 2 SYSTEMPATH\View\View.php(226): include('C:\\laragon\\www\\3F3\\app\\Views\\main.php')
 3 SYSTEMPATH\View\View.php(229): CodeIgniter\View\View->CodeIgniter\View\{closure}()
 4 SYSTEMPATH\Common.php(1188): CodeIgniter\View\View->render('main', [], true)
 5 APPPATH\Controllers\ProductController.php(13): view('main', [...])
 6 SYSTEMPATH\CodeIgniter.php(919): App\Controllers\ProductController->index()
 7 SYSTEMPATH\CodeIgniter.php(494): CodeIgniter\CodeIgniter->runController(Object(App\Controllers\ProductController))
 8 SYSTEMPATH\CodeIgniter.php(353): CodeIgniter\CodeIgniter->handleRequest(null, Object(Config\Cache), false)
 9 FCPATH\index.php(79): CodeIgniter\CodeIgniter->run()
10 SYSTEMPATH\Commands\Server\rewrite.php(47): require_once('C:\\laragon\\www\\3F3\\public\\index.php')
CRITICAL - 2023-09-15 16:08:14 --> Undefined variable $Product
in APPPATH\Views\main.php on line 48.
 1 APPPATH\Views\main.php(48): CodeIgniter\Debug\Exceptions->errorHandler(2, 'Undefined variable $Product', 'C:\\laragon\\www\\3F3\\app\\Views\\main.php', 48)
 2 SYSTEMPATH\View\View.php(226): include('C:\\laragon\\www\\3F3\\app\\Views\\main.php')
 3 SYSTEMPATH\View\View.php(229): CodeIgniter\View\View->CodeIgniter\View\{closure}()
 4 SYSTEMPATH\Common.php(1188): CodeIgniter\View\View->render('main', [], true)
 5 APPPATH\Controllers\ProductController.php(13): view('main', [...])
 6 SYSTEMPATH\CodeIgniter.php(919): App\Controllers\ProductController->index()
 7 SYSTEMPATH\CodeIgniter.php(494): CodeIgniter\CodeIgniter->runController(Object(App\Controllers\ProductController))
 8 SYSTEMPATH\CodeIgniter.php(353): CodeIgniter\CodeIgniter->handleRequest(null, Object(Config\Cache), false)
 9 FCPATH\index.php(79): CodeIgniter\CodeIgniter->run()
10 SYSTEMPATH\Commands\Server\rewrite.php(47): require_once('C:\\laragon\\www\\3F3\\public\\index.php')
CRITICAL - 2023-09-15 16:08:15 --> Undefined variable $Product
in APPPATH\Views\main.php on line 48.
 1 APPPATH\Views\main.php(48): CodeIgniter\Debug\Exceptions->errorHandler(2, 'Undefined variable $Product', 'C:\\laragon\\www\\3F3\\app\\Views\\main.php', 48)
 2 SYSTEMPATH\View\View.php(226): include('C:\\laragon\\www\\3F3\\app\\Views\\main.php')
 3 SYSTEMPATH\View\View.php(229): CodeIgniter\View\View->CodeIgniter\View\{closure}()
 4 SYSTEMPATH\Common.php(1188): CodeIgniter\View\View->render('main', [], true)
 5 APPPATH\Controllers\ProductController.php(13): view('main', [...])
 6 SYSTEMPATH\CodeIgniter.php(919): App\Controllers\ProductController->index()
 7 SYSTEMPATH\CodeIgniter.php(494): CodeIgniter\CodeIgniter->runController(Object(App\Controllers\ProductController))
 8 SYSTEMPATH\CodeIgniter.php(353): CodeIgniter\CodeIgniter->handleRequest(null, Object(Config\Cache), false)
 9 FCPATH\index.php(79): CodeIgniter\CodeIgniter->run()
10 SYSTEMPATH\Commands\Server\rewrite.php(47): require_once('C:\\laragon\\www\\3F3\\public\\index.php')
CRITICAL - 2023-09-15 16:09:40 --> Undefined variable $product
in APPPATH\Views\main.php on line 48.
 1 APPPATH\Views\main.php(48): CodeIgniter\Debug\Exceptions->errorHandler(2, 'Undefined variable $product', 'C:\\laragon\\www\\3F3\\app\\Views\\main.php', 48)
 2 SYSTEMPATH\View\View.php(226): include('C:\\laragon\\www\\3F3\\app\\Views\\main.php')
 3 SYSTEMPATH\View\View.php(229): CodeIgniter\View\View->CodeIgniter\View\{closure}()
 4 SYSTEMPATH\Common.php(1188): CodeIgniter\View\View->render('main', [], true)
 5 APPPATH\Controllers\ProductController.php(13): view('main', [...])
 6 SYSTEMPATH\CodeIgniter.php(919): App\Controllers\ProductController->index()
 7 SYSTEMPATH\CodeIgniter.php(494): CodeIgniter\CodeIgniter->runController(Object(App\Controllers\ProductController))
 8 SYSTEMPATH\CodeIgniter.php(353): CodeIgniter\CodeIgniter->handleRequest(null, Object(Config\Cache), false)
 9 FCPATH\index.php(79): CodeIgniter\CodeIgniter->run()
10 SYSTEMPATH\Commands\Server\rewrite.php(47): require_once('C:\\laragon\\www\\3F3\\public\\index.php')
CRITICAL - 2023-09-15 16:09:41 --> Undefined variable $product
in APPPATH\Views\main.php on line 48.
 1 APPPATH\Views\main.php(48): CodeIgniter\Debug\Exceptions->errorHandler(2, 'Undefined variable $product', 'C:\\laragon\\www\\3F3\\app\\Views\\main.php', 48)
 2 SYSTEMPATH\View\View.php(226): include('C:\\laragon\\www\\3F3\\app\\Views\\main.php')
 3 SYSTEMPATH\View\View.php(229): CodeIgniter\View\View->CodeIgniter\View\{closure}()
 4 SYSTEMPATH\Common.php(1188): CodeIgniter\View\View->render('main', [], true)
 5 APPPATH\Controllers\ProductController.php(13): view('main', [...])
 6 SYSTEMPATH\CodeIgniter.php(919): App\Controllers\ProductController->index()
 7 SYSTEMPATH\CodeIgniter.php(494): CodeIgniter\CodeIgniter->runController(Object(App\Controllers\ProductController))
 8 SYSTEMPATH\CodeIgniter.php(353): CodeIgniter\CodeIgniter->handleRequest(null, Object(Config\Cache), false)
 9 FCPATH\index.php(79): CodeIgniter\CodeIgniter->run()
10 SYSTEMPATH\Commands\Server\rewrite.php(47): require_once('C:\\laragon\\www\\3F3\\public\\index.php')
CRITICAL - 2023-09-15 16:09:41 --> Undefined variable $product
in APPPATH\Views\main.php on line 48.
 1 APPPATH\Views\main.php(48): CodeIgniter\Debug\Exceptions->errorHandler(2, 'Undefined variable $product', 'C:\\laragon\\www\\3F3\\app\\Views\\main.php', 48)
 2 SYSTEMPATH\View\View.php(226): include('C:\\laragon\\www\\3F3\\app\\Views\\main.php')
 3 SYSTEMPATH\View\View.php(229): CodeIgniter\View\View->CodeIgniter\View\{closure}()
 4 SYSTEMPATH\Common.php(1188): CodeIgniter\View\View->render('main', [], true)
 5 APPPATH\Controllers\ProductController.php(13): view('main', [...])
 6 SYSTEMPATH\CodeIgniter.php(919): App\Controllers\ProductController->index()
 7 SYSTEMPATH\CodeIgniter.php(494): CodeIgniter\CodeIgniter->runController(Object(App\Controllers\ProductController))
 8 SYSTEMPATH\CodeIgniter.php(353): CodeIgniter\CodeIgniter->handleRequest(null, Object(Config\Cache), false)
 9 FCPATH\index.php(79): CodeIgniter\CodeIgniter->run()
10 SYSTEMPATH\Commands\Server\rewrite.php(47): require_once('C:\\laragon\\www\\3F3\\public\\index.php')
CRITICAL - 2023-09-15 16:11:18 --> Undefined variable $Product
in APPPATH\Views\main.php on line 48.
 1 APPPATH\Views\main.php(48): CodeIgniter\Debug\Exceptions->errorHandler(2, 'Undefined variable $Product', 'C:\\laragon\\www\\3F3\\app\\Views\\main.php', 48)
 2 SYSTEMPATH\View\View.php(226): include('C:\\laragon\\www\\3F3\\app\\Views\\main.php')
 3 SYSTEMPATH\View\View.php(229): CodeIgniter\View\View->CodeIgniter\View\{closure}()
 4 SYSTEMPATH\Common.php(1188): CodeIgniter\View\View->render('main', [], true)
 5 APPPATH\Controllers\ProductController.php(13): view('main', [...])
 6 SYSTEMPATH\CodeIgniter.php(919): App\Controllers\ProductController->index()
 7 SYSTEMPATH\CodeIgniter.php(494): CodeIgniter\CodeIgniter->runController(Object(App\Controllers\ProductController))
 8 SYSTEMPATH\CodeIgniter.php(353): CodeIgniter\CodeIgniter->handleRequest(null, Object(Config\Cache), false)
 9 FCPATH\index.php(79): CodeIgniter\CodeIgniter->run()
10 SYSTEMPATH\Commands\Server\rewrite.php(47): require_once('C:\\laragon\\www\\3F3\\public\\index.php')
CRITICAL - 2023-09-15 16:11:19 --> Undefined variable $Product
in APPPATH\Views\main.php on line 48.
 1 APPPATH\Views\main.php(48): CodeIgniter\Debug\Exceptions->errorHandler(2, 'Undefined variable $Product', 'C:\\laragon\\www\\3F3\\app\\Views\\main.php', 48)
 2 SYSTEMPATH\View\View.php(226): include('C:\\laragon\\www\\3F3\\app\\Views\\main.php')
 3 SYSTEMPATH\View\View.php(229): CodeIgniter\View\View->CodeIgniter\View\{closure}()
 4 SYSTEMPATH\Common.php(1188): CodeIgniter\View\View->render('main', [], true)
 5 APPPATH\Controllers\ProductController.php(13): view('main', [...])
 6 SYSTEMPATH\CodeIgniter.php(919): App\Controllers\ProductController->index()
 7 SYSTEMPATH\CodeIgniter.php(494): CodeIgniter\CodeIgniter->runController(Object(App\Controllers\ProductController))
 8 SYSTEMPATH\CodeIgniter.php(353): CodeIgniter\CodeIgniter->handleRequest(null, Object(Config\Cache), false)
 9 FCPATH\index.php(79): CodeIgniter\CodeIgniter->run()
10 SYSTEMPATH\Commands\Server\rewrite.php(47): require_once('C:\\laragon\\www\\3F3\\public\\index.php')
CRITICAL - 2023-09-15 16:12:01 --> Undefined variable $product
in APPPATH\Views\main.php on line 48.
 1 APPPATH\Views\main.php(48): CodeIgniter\Debug\Exceptions->errorHandler(2, 'Undefined variable $product', 'C:\\laragon\\www\\3F3\\app\\Views\\main.php', 48)
 2 SYSTEMPATH\View\View.php(226): include('C:\\laragon\\www\\3F3\\app\\Views\\main.php')
 3 SYSTEMPATH\View\View.php(229): CodeIgniter\View\View->CodeIgniter\View\{closure}()
 4 SYSTEMPATH\Common.php(1188): CodeIgniter\View\View->render('main', [], true)
 5 APPPATH\Controllers\ProductController.php(13): view('main', [...])
 6 SYSTEMPATH\CodeIgniter.php(919): App\Controllers\ProductController->index()
 7 SYSTEMPATH\CodeIgniter.php(494): CodeIgniter\CodeIgniter->runController(Object(App\Controllers\ProductController))
 8 SYSTEMPATH\CodeIgniter.php(353): CodeIgniter\CodeIgniter->handleRequest(null, Object(Config\Cache), false)
 9 FCPATH\index.php(79): CodeIgniter\CodeIgniter->run()
10 SYSTEMPATH\Commands\Server\rewrite.php(47): require_once('C:\\laragon\\www\\3F3\\public\\index.php')
CRITICAL - 2023-09-15 16:12:06 --> Undefined variable $product
in APPPATH\Views\main.php on line 48.
 1 APPPATH\Views\main.php(48): CodeIgniter\Debug\Exceptions->errorHandler(2, 'Undefined variable $product', 'C:\\laragon\\www\\3F3\\app\\Views\\main.php', 48)
 2 SYSTEMPATH\View\View.php(226): include('C:\\laragon\\www\\3F3\\app\\Views\\main.php')
 3 SYSTEMPATH\View\View.php(229): CodeIgniter\View\View->CodeIgniter\View\{closure}()
 4 SYSTEMPATH\Common.php(1188): CodeIgniter\View\View->render('main', [], true)
 5 APPPATH\Controllers\ProductController.php(13): view('main', [...])
 6 SYSTEMPATH\CodeIgniter.php(919): App\Controllers\ProductController->index()
 7 SYSTEMPATH\CodeIgniter.php(494): CodeIgniter\CodeIgniter->runController(Object(App\Controllers\ProductController))
 8 SYSTEMPATH\CodeIgniter.php(353): CodeIgniter\CodeIgniter->handleRequest(null, Object(Config\Cache), false)
 9 FCPATH\index.php(79): CodeIgniter\CodeIgniter->run()
10 SYSTEMPATH\Commands\Server\rewrite.php(47): require_once('C:\\laragon\\www\\3F3\\public\\index.php')
CRITICAL - 2023-09-15 16:15:59 --> Undefined variable $product
in APPPATH\Views\main.php on line 48.
 1 APPPATH\Views\main.php(48): CodeIgniter\Debug\Exceptions->errorHandler(2, 'Undefined variable $product', 'C:\\laragon\\www\\3F3\\app\\Views\\main.php', 48)
 2 SYSTEMPATH\View\View.php(226): include('C:\\laragon\\www\\3F3\\app\\Views\\main.php')
 3 SYSTEMPATH\View\View.php(229): CodeIgniter\View\View->CodeIgniter\View\{closure}()
 4 SYSTEMPATH\Common.php(1188): CodeIgniter\View\View->render('main', [], true)
 5 APPPATH\Controllers\ProductController.php(13): view('main', [...])
 6 SYSTEMPATH\CodeIgniter.php(919): App\Controllers\ProductController->index()
 7 SYSTEMPATH\CodeIgniter.php(494): CodeIgniter\CodeIgniter->runController(Object(App\Controllers\ProductController))
 8 SYSTEMPATH\CodeIgniter.php(353): CodeIgniter\CodeIgniter->handleRequest(null, Object(Config\Cache), false)
 9 FCPATH\index.php(79): CodeIgniter\CodeIgniter->run()
10 SYSTEMPATH\Commands\Server\rewrite.php(47): require_once('C:\\laragon\\www\\3F3\\public\\index.php')
CRITICAL - 2023-09-15 16:16:28 --> Undefined variable $product
in APPPATH\Views\main.php on line 48.
 1 APPPATH\Views\main.php(48): CodeIgniter\Debug\Exceptions->errorHandler(2, 'Undefined variable $product', 'C:\\laragon\\www\\3F3\\app\\Views\\main.php', 48)
 2 SYSTEMPATH\View\View.php(226): include('C:\\laragon\\www\\3F3\\app\\Views\\main.php')
 3 SYSTEMPATH\View\View.php(229): CodeIgniter\View\View->CodeIgniter\View\{closure}()
 4 SYSTEMPATH\Common.php(1188): CodeIgniter\View\View->render('main', [], true)
 5 APPPATH\Controllers\ProductController.php(13): view('main', [...])
 6 SYSTEMPATH\CodeIgniter.php(919): App\Controllers\ProductController->index()
 7 SYSTEMPATH\CodeIgniter.php(494): CodeIgniter\CodeIgniter->runController(Object(App\Controllers\ProductController))
 8 SYSTEMPATH\CodeIgniter.php(353): CodeIgniter\CodeIgniter->handleRequest(null, Object(Config\Cache), false)
 9 FCPATH\index.php(79): CodeIgniter\CodeIgniter->run()
10 SYSTEMPATH\Commands\Server\rewrite.php(47): require_once('C:\\laragon\\www\\3F3\\public\\index.php')
CRITICAL - 2023-09-15 16:20:43 --> Undefined variable $product
in APPPATH\Views\main.php on line 48.
 1 APPPATH\Views\main.php(48): CodeIgniter\Debug\Exceptions->errorHandler(2, 'Undefined variable $product', 'C:\\laragon\\www\\3F3\\app\\Views\\main.php', 48)
 2 SYSTEMPATH\View\View.php(226): include('C:\\laragon\\www\\3F3\\app\\Views\\main.php')
 3 SYSTEMPATH\View\View.php(229): CodeIgniter\View\View->CodeIgniter\View\{closure}()
 4 SYSTEMPATH\Common.php(1188): CodeIgniter\View\View->render('main', [], true)
 5 APPPATH\Controllers\ProductController.php(13): view('main', [...])
 6 SYSTEMPATH\CodeIgniter.php(919): App\Controllers\ProductController->index()
 7 SYSTEMPATH\CodeIgniter.php(494): CodeIgniter\CodeIgniter->runController(Object(App\Controllers\ProductController))
 8 SYSTEMPATH\CodeIgniter.php(353): CodeIgniter\CodeIgniter->handleRequest(null, Object(Config\Cache), false)
 9 FCPATH\index.php(79): CodeIgniter\CodeIgniter->run()
10 SYSTEMPATH\Commands\Server\rewrite.php(47): require_once('C:\\laragon\\www\\3F3\\public\\index.php')
CRITICAL - 2023-09-15 16:20:43 --> Undefined variable $product
in APPPATH\Views\main.php on line 48.
 1 APPPATH\Views\main.php(48): CodeIgniter\Debug\Exceptions->errorHandler(2, 'Undefined variable $product', 'C:\\laragon\\www\\3F3\\app\\Views\\main.php', 48)
 2 SYSTEMPATH\View\View.php(226): include('C:\\laragon\\www\\3F3\\app\\Views\\main.php')
 3 SYSTEMPATH\View\View.php(229): CodeIgniter\View\View->CodeIgniter\View\{closure}()
 4 SYSTEMPATH\Common.php(1188): CodeIgniter\View\View->render('main', [], true)
 5 APPPATH\Controllers\ProductController.php(13): view('main', [...])
 6 SYSTEMPATH\CodeIgniter.php(919): App\Controllers\ProductController->index()
 7 SYSTEMPATH\CodeIgniter.php(494): CodeIgniter\CodeIgniter->runController(Object(App\Controllers\ProductController))
 8 SYSTEMPATH\CodeIgniter.php(353): CodeIgniter\CodeIgniter->handleRequest(null, Object(Config\Cache), false)
 9 FCPATH\index.php(79): CodeIgniter\CodeIgniter->run()
10 SYSTEMPATH\Commands\Server\rewrite.php(47): require_once('C:\\laragon\\www\\3F3\\public\\index.php')
CRITICAL - 2023-09-15 16:31:55 --> Undefined array key "Created_at"
in APPPATH\Views\main.php on line 46.
 1 APPPATH\Views\main.php(46): CodeIgniter\Debug\Exceptions->errorHandler(2, 'Undefined array key "Created_at"', 'C:\\laragon\\www\\3F3\\app\\Views\\main.php', 46)
 2 SYSTEMPATH\View\View.php(226): include('C:\\laragon\\www\\3F3\\app\\Views\\main.php')
 3 SYSTEMPATH\View\View.php(229): CodeIgniter\View\View->CodeIgniter\View\{closure}()
 4 SYSTEMPATH\Common.php(1188): CodeIgniter\View\View->render('main', [], true)
 5 APPPATH\Controllers\ProductController.php(13): view('main', [...])
 6 SYSTEMPATH\CodeIgniter.php(919): App\Controllers\ProductController->index()
 7 SYSTEMPATH\CodeIgniter.php(494): CodeIgniter\CodeIgniter->runController(Object(App\Controllers\ProductController))
 8 SYSTEMPATH\CodeIgniter.php(353): CodeIgniter\CodeIgniter->handleRequest(null, Object(Config\Cache), false)
 9 FCPATH\index.php(79): CodeIgniter\CodeIgniter->run()
10 SYSTEMPATH\Commands\Server\rewrite.php(47): require_once('C:\\laragon\\www\\3F3\\public\\index.php')
CRITICAL - 2023-09-15 16:32:25 --> Undefined variable $Product
in APPPATH\Views\main.php on line 48.
 1 APPPATH\Views\main.php(48): CodeIgniter\Debug\Exceptions->errorHandler(2, 'Undefined variable $Product', 'C:\\laragon\\www\\3F3\\app\\Views\\main.php', 48)
 2 SYSTEMPATH\View\View.php(226): include('C:\\laragon\\www\\3F3\\app\\Views\\main.php')
 3 SYSTEMPATH\View\View.php(229): CodeIgniter\View\View->CodeIgniter\View\{closure}()
 4 SYSTEMPATH\Common.php(1188): CodeIgniter\View\View->render('main', [], true)
 5 APPPATH\Controllers\ProductController.php(13): view('main', [...])
 6 SYSTEMPATH\CodeIgniter.php(919): App\Controllers\ProductController->index()
 7 SYSTEMPATH\CodeIgniter.php(494): CodeIgniter\CodeIgniter->runController(Object(App\Controllers\ProductController))
 8 SYSTEMPATH\CodeIgniter.php(353): CodeIgniter\CodeIgniter->handleRequest(null, Object(Config\Cache), false)
 9 FCPATH\index.php(79): CodeIgniter\CodeIgniter->run()
10 SYSTEMPATH\Commands\Server\rewrite.php(47): require_once('C:\\laragon\\www\\3F3\\public\\index.php')
CRITICAL - 2023-09-15 16:32:26 --> Undefined variable $Product
in APPPATH\Views\main.php on line 48.
 1 APPPATH\Views\main.php(48): CodeIgniter\Debug\Exceptions->errorHandler(2, 'Undefined variable $Product', 'C:\\laragon\\www\\3F3\\app\\Views\\main.php', 48)
 2 SYSTEMPATH\View\View.php(226): include('C:\\laragon\\www\\3F3\\app\\Views\\main.php')
 3 SYSTEMPATH\View\View.php(229): CodeIgniter\View\View->CodeIgniter\View\{closure}()
 4 SYSTEMPATH\Common.php(1188): CodeIgniter\View\View->render('main', [], true)
 5 APPPATH\Controllers\ProductController.php(13): view('main', [...])
 6 SYSTEMPATH\CodeIgniter.php(919): App\Controllers\ProductController->index()
 7 SYSTEMPATH\CodeIgniter.php(494): CodeIgniter\CodeIgniter->runController(Object(App\Controllers\ProductController))
 8 SYSTEMPATH\CodeIgniter.php(353): CodeIgniter\CodeIgniter->handleRequest(null, Object(Config\Cache), false)
 9 FCPATH\index.php(79): CodeIgniter\CodeIgniter->run()
10 SYSTEMPATH\Commands\Server\rewrite.php(47): require_once('C:\\laragon\\www\\3F3\\public\\index.php')
CRITICAL - 2023-09-15 16:32:27 --> Undefined variable $Product
in APPPATH\Views\main.php on line 48.
 1 APPPATH\Views\main.php(48): CodeIgniter\Debug\Exceptions->errorHandler(2, 'Undefined variable $Product', 'C:\\laragon\\www\\3F3\\app\\Views\\main.php', 48)
 2 SYSTEMPATH\View\View.php(226): include('C:\\laragon\\www\\3F3\\app\\Views\\main.php')
 3 SYSTEMPATH\View\View.php(229): CodeIgniter\View\View->CodeIgniter\View\{closure}()
 4 SYSTEMPATH\Common.php(1188): CodeIgniter\View\View->render('main', [], true)
 5 APPPATH\Controllers\ProductController.php(13): view('main', [...])
 6 SYSTEMPATH\CodeIgniter.php(919): App\Controllers\ProductController->index()
 7 SYSTEMPATH\CodeIgniter.php(494): CodeIgniter\CodeIgniter->runController(Object(App\Controllers\ProductController))
 8 SYSTEMPATH\CodeIgniter.php(353): CodeIgniter\CodeIgniter->handleRequest(null, Object(Config\Cache), false)
 9 FCPATH\index.php(79): CodeIgniter\CodeIgniter->run()
10 SYSTEMPATH\Commands\Server\rewrite.php(47): require_once('C:\\laragon\\www\\3F3\\public\\index.php')
CRITICAL - 2023-09-15 16:32:47 --> Undefined variable $Product
in APPPATH\Views\main.php on line 48.
 1 APPPATH\Views\main.php(48): CodeIgniter\Debug\Exceptions->errorHandler(2, 'Undefined variable $Product', 'C:\\laragon\\www\\3F3\\app\\Views\\main.php', 48)
 2 SYSTEMPATH\View\View.php(226): include('C:\\laragon\\www\\3F3\\app\\Views\\main.php')
 3 SYSTEMPATH\View\View.php(229): CodeIgniter\View\View->CodeIgniter\View\{closure}()
 4 SYSTEMPATH\Common.php(1188): CodeIgniter\View\View->render('main', [], true)
 5 APPPATH\Controllers\ProductController.php(13): view('main', [...])
 6 SYSTEMPATH\CodeIgniter.php(919): App\Controllers\ProductController->index()
 7 SYSTEMPATH\CodeIgniter.php(494): CodeIgniter\CodeIgniter->runController(Object(App\Controllers\ProductController))
 8 SYSTEMPATH\CodeIgniter.php(353): CodeIgniter\CodeIgniter->handleRequest(null, Object(Config\Cache), false)
 9 FCPATH\index.php(79): CodeIgniter\CodeIgniter->run()
10 SYSTEMPATH\Commands\Server\rewrite.php(47): require_once('C:\\laragon\\www\\3F3\\public\\index.php')
CRITICAL - 2023-09-15 16:32:49 --> Undefined variable $Product
in APPPATH\Views\main.php on line 48.
 1 APPPATH\Views\main.php(48): CodeIgniter\Debug\Exceptions->errorHandler(2, 'Undefined variable $Product', 'C:\\laragon\\www\\3F3\\app\\Views\\main.php', 48)
 2 SYSTEMPATH\View\View.php(226): include('C:\\laragon\\www\\3F3\\app\\Views\\main.php')
 3 SYSTEMPATH\View\View.php(229): CodeIgniter\View\View->CodeIgniter\View\{closure}()
 4 SYSTEMPATH\Common.php(1188): CodeIgniter\View\View->render('main', [], true)
 5 APPPATH\Controllers\ProductController.php(13): view('main', [...])
 6 SYSTEMPATH\CodeIgniter.php(919): App\Controllers\ProductController->index()
 7 SYSTEMPATH\CodeIgniter.php(494): CodeIgniter\CodeIgniter->runController(Object(App\Controllers\ProductController))
 8 SYSTEMPATH\CodeIgniter.php(353): CodeIgniter\CodeIgniter->handleRequest(null, Object(Config\Cache), false)
 9 FCPATH\index.php(79): CodeIgniter\CodeIgniter->run()
10 SYSTEMPATH\Commands\Server\rewrite.php(47): require_once('C:\\laragon\\www\\3F3\\public\\index.php')
CRITICAL - 2023-09-15 16:32:50 --> Undefined variable $Product
in APPPATH\Views\main.php on line 48.
 1 APPPATH\Views\main.php(48): CodeIgniter\Debug\Exceptions->errorHandler(2, 'Undefined variable $Product', 'C:\\laragon\\www\\3F3\\app\\Views\\main.php', 48)
 2 SYSTEMPATH\View\View.php(226): include('C:\\laragon\\www\\3F3\\app\\Views\\main.php')
 3 SYSTEMPATH\View\View.php(229): CodeIgniter\View\View->CodeIgniter\View\{closure}()
 4 SYSTEMPATH\Common.php(1188): CodeIgniter\View\View->render('main', [], true)
 5 APPPATH\Controllers\ProductController.php(13): view('main', [...])
 6 SYSTEMPATH\CodeIgniter.php(919): App\Controllers\ProductController->index()
 7 SYSTEMPATH\CodeIgniter.php(494): CodeIgniter\CodeIgniter->runController(Object(App\Controllers\ProductController))
 8 SYSTEMPATH\CodeIgniter.php(353): CodeIgniter\CodeIgniter->handleRequest(null, Object(Config\Cache), false)
 9 FCPATH\index.php(79): CodeIgniter\CodeIgniter->run()
10 SYSTEMPATH\Commands\Server\rewrite.php(47): require_once('C:\\laragon\\www\\3F3\\public\\index.php')
CRITICAL - 2023-09-15 16:39:42 --> Undefined variable $ark
in APPPATH\Views\main.php on line 40.
 1 APPPATH\Views\main.php(40): CodeIgniter\Debug\Exceptions->errorHandler(2, 'Undefined variable $ark', 'C:\\laragon\\www\\3F3\\app\\Views\\main.php', 40)
 2 SYSTEMPATH\View\View.php(226): include('C:\\laragon\\www\\3F3\\app\\Views\\main.php')
 3 SYSTEMPATH\View\View.php(229): CodeIgniter\View\View->CodeIgniter\View\{closure}()
 4 SYSTEMPATH\Common.php(1188): CodeIgniter\View\View->render('main', [], true)
 5 APPPATH\Controllers\ProductController.php(13): view('main', [...])
 6 SYSTEMPATH\CodeIgniter.php(919): App\Controllers\ProductController->index()
 7 SYSTEMPATH\CodeIgniter.php(494): CodeIgniter\CodeIgniter->runController(Object(App\Controllers\ProductController))
 8 SYSTEMPATH\CodeIgniter.php(353): CodeIgniter\CodeIgniter->handleRequest(null, Object(Config\Cache), false)
 9 FCPATH\index.php(79): CodeIgniter\CodeIgniter->run()
10 SYSTEMPATH\Commands\Server\rewrite.php(47): require_once('C:\\laragon\\www\\3F3\\public\\index.php')
CRITICAL - 2023-09-15 16:41:08 --> Undefined variable $data
in APPPATH\Views\main.php on line 40.
 1 APPPATH\Views\main.php(40): CodeIgniter\Debug\Exceptions->errorHandler(2, 'Undefined variable $data', 'C:\\laragon\\www\\3F3\\app\\Views\\main.php', 40)
 2 SYSTEMPATH\View\View.php(226): include('C:\\laragon\\www\\3F3\\app\\Views\\main.php')
 3 SYSTEMPATH\View\View.php(229): CodeIgniter\View\View->CodeIgniter\View\{closure}()
 4 SYSTEMPATH\Common.php(1188): CodeIgniter\View\View->render('main', [], true)
 5 APPPATH\Controllers\ProductController.php(13): view('main', [...])
 6 SYSTEMPATH\CodeIgniter.php(919): App\Controllers\ProductController->index()
 7 SYSTEMPATH\CodeIgniter.php(494): CodeIgniter\CodeIgniter->runController(Object(App\Controllers\ProductController))
 8 SYSTEMPATH\CodeIgniter.php(353): CodeIgniter\CodeIgniter->handleRequest(null, Object(Config\Cache), false)
 9 FCPATH\index.php(79): CodeIgniter\CodeIgniter->run()
10 SYSTEMPATH\Commands\Server\rewrite.php(47): require_once('C:\\laragon\\www\\3F3\\public\\index.php')
CRITICAL - 2023-09-15 16:43:40 --> Undefined variable $aa
in APPPATH\Views\main.php on line 40.
 1 APPPATH\Views\main.php(40): CodeIgniter\Debug\Exceptions->errorHandler(2, 'Undefined variable $aa', 'C:\\laragon\\www\\3F3\\app\\Views\\main.php', 40)
 2 SYSTEMPATH\View\View.php(226): include('C:\\laragon\\www\\3F3\\app\\Views\\main.php')
 3 SYSTEMPATH\View\View.php(229): CodeIgniter\View\View->CodeIgniter\View\{closure}()
 4 SYSTEMPATH\Common.php(1188): CodeIgniter\View\View->render('main', [], true)
 5 APPPATH\Controllers\ProductController.php(13): view('main', [...])
 6 SYSTEMPATH\CodeIgniter.php(919): App\Controllers\ProductController->index()
 7 SYSTEMPATH\CodeIgniter.php(494): CodeIgniter\CodeIgniter->runController(Object(App\Controllers\ProductController))
 8 SYSTEMPATH\CodeIgniter.php(353): CodeIgniter\CodeIgniter->handleRequest(null, Object(Config\Cache), false)
 9 FCPATH\index.php(79): CodeIgniter\CodeIgniter->run()
10 SYSTEMPATH\Commands\Server\rewrite.php(47): require_once('C:\\laragon\\www\\3F3\\public\\index.php')
CRITICAL - 2023-09-15 16:43:43 --> Undefined variable $aa
in APPPATH\Views\main.php on line 40.
 1 APPPATH\Views\main.php(40): CodeIgniter\Debug\Exceptions->errorHandler(2, 'Undefined variable $aa', 'C:\\laragon\\www\\3F3\\app\\Views\\main.php', 40)
 2 SYSTEMPATH\View\View.php(226): include('C:\\laragon\\www\\3F3\\app\\Views\\main.php')
 3 SYSTEMPATH\View\View.php(229): CodeIgniter\View\View->CodeIgniter\View\{closure}()
 4 SYSTEMPATH\Common.php(1188): CodeIgniter\View\View->render('main', [], true)
 5 APPPATH\Controllers\ProductController.php(13): view('main', [...])
 6 SYSTEMPATH\CodeIgniter.php(919): App\Controllers\ProductController->index()
 7 SYSTEMPATH\CodeIgniter.php(494): CodeIgniter\CodeIgniter->runController(Object(App\Controllers\ProductController))
 8 SYSTEMPATH\CodeIgniter.php(353): CodeIgniter\CodeIgniter->handleRequest(null, Object(Config\Cache), false)
 9 FCPATH\index.php(79): CodeIgniter\CodeIgniter->run()
10 SYSTEMPATH\Commands\Server\rewrite.php(47): require_once('C:\\laragon\\www\\3F3\\public\\index.php')
