CRITICAL - 2023-09-16 04:38:01 --> Undefined variable $data
in APPPATH\Views\add.php on line 16.
 1 APPPATH\Views\add.php(16): CodeIgniter\Debug\Exceptions->errorHandler(2, 'Undefined variable $data', 'C:\\laragon\\www\\3F3\\app\\Views\\add.php', 16)
 2 SYSTEMPATH\View\View.php(226): include('C:\\laragon\\www\\3F3\\app\\Views\\add.php')
 3 SYSTEMPATH\View\View.php(229): CodeIgniter\View\View->CodeIgniter\View\{closure}()
 4 SYSTEMPATH\Common.php(1188): CodeIgniter\View\View->render('add', [], true)
 5 APPPATH\Controllers\ProductController.php(53): view('add', [...])
 6 SYSTEMPATH\CodeIgniter.php(919): App\Controllers\ProductController->add()
 7 SYSTEMPATH\CodeIgniter.php(494): CodeIgniter\CodeIgniter->runController(Object(App\Controllers\ProductController))
 8 SYSTEMPATH\CodeIgniter.php(353): CodeIgniter\CodeIgniter->handleRequest(null, Object(Config\Cache), false)
 9 FCPATH\index.php(79): CodeIgniter\CodeIgniter->run()
10 SYSTEMPATH\Commands\Server\rewrite.php(47): require_once('C:\\laragon\\www\\3F3\\public\\index.php')
CRITICAL - 2023-09-16 04:39:36 --> Undefined variable $data
in APPPATH\Views\add.php on line 16.
 1 APPPATH\Views\add.php(16): CodeIgniter\Debug\Exceptions->errorHandler(2, 'Undefined variable $data', 'C:\\laragon\\www\\3F3\\app\\Views\\add.php', 16)
 2 SYSTEMPATH\View\View.php(226): include('C:\\laragon\\www\\3F3\\app\\Views\\add.php')
 3 SYSTEMPATH\View\View.php(229): CodeIgniter\View\View->CodeIgniter\View\{closure}()
 4 SYSTEMPATH\Common.php(1188): CodeIgniter\View\View->render('add', [], true)
 5 APPPATH\Controllers\ProductController.php(53): view('add', [...])
 6 SYSTEMPATH\CodeIgniter.php(919): App\Controllers\ProductController->add()
 7 SYSTEMPATH\CodeIgniter.php(494): CodeIgniter\CodeIgniter->runController(Object(App\Controllers\ProductController))
 8 SYSTEMPATH\CodeIgniter.php(353): CodeIgniter\CodeIgniter->handleRequest(null, Object(Config\Cache), false)
 9 FCPATH\index.php(79): CodeIgniter\CodeIgniter->run()
10 SYSTEMPATH\Commands\Server\rewrite.php(47): require_once('C:\\laragon\\www\\3F3\\public\\index.php')
CRITICAL - 2023-09-16 04:47:57 --> Undefined variable $data
in APPPATH\Views\add.php on line 16.
 1 APPPATH\Views\add.php(16): CodeIgniter\Debug\Exceptions->errorHandler(2, 'Undefined variable $data', 'C:\\laragon\\www\\3F3\\app\\Views\\add.php', 16)
 2 SYSTEMPATH\View\View.php(226): include('C:\\laragon\\www\\3F3\\app\\Views\\add.php')
 3 SYSTEMPATH\View\View.php(229): CodeIgniter\View\View->CodeIgniter\View\{closure}()
 4 SYSTEMPATH\Common.php(1188): CodeIgniter\View\View->render('add', [], true)
 5 APPPATH\Controllers\ProductController.php(53): view('add', [...])
 6 SYSTEMPATH\CodeIgniter.php(919): App\Controllers\ProductController->add()
 7 SYSTEMPATH\CodeIgniter.php(494): CodeIgniter\CodeIgniter->runController(Object(App\Controllers\ProductController))
 8 SYSTEMPATH\CodeIgniter.php(353): CodeIgniter\CodeIgniter->handleRequest(null, Object(Config\Cache), false)
 9 FCPATH\index.php(79): CodeIgniter\CodeIgniter->run()
10 SYSTEMPATH\Commands\Server\rewrite.php(47): require_once('C:\\laragon\\www\\3F3\\public\\index.php')
CRITICAL - 2023-09-16 05:02:30 --> Cannot declare class App\Controllers\ProductController, because the name is already in use
in APPPATH\Views\add.php on line 8.
 1 [internal function]: CodeIgniter\Debug\Exceptions->shutdownHandler()
CRITICAL - 2023-09-16 05:04:23 --> Cannot declare class App\Controllers\ProductController, because the name is already in use
in APPPATH\Views\add.php on line 8.
 1 [internal function]: CodeIgniter\Debug\Exceptions->shutdownHandler()
CRITICAL - 2023-09-16 05:06:04 --> Cannot declare class App\Controllers\ProductController, because the name is already in use
in APPPATH\Views\add.php on line 8.
 1 [internal function]: CodeIgniter\Debug\Exceptions->shutdownHandler()
CRITICAL - 2023-09-16 05:06:05 --> Cannot declare class App\Controllers\ProductController, because the name is already in use
in APPPATH\Views\add.php on line 8.
 1 [internal function]: CodeIgniter\Debug\Exceptions->shutdownHandler()
CRITICAL - 2023-09-16 05:06:06 --> Cannot declare class App\Controllers\ProductController, because the name is already in use
in APPPATH\Views\add.php on line 8.
 1 [internal function]: CodeIgniter\Debug\Exceptions->shutdownHandler()
CRITICAL - 2023-09-16 05:06:15 --> Cannot declare class App\Controllers\ProductController, because the name is already in use
in APPPATH\Views\add.php on line 8.
 1 [internal function]: CodeIgniter\Debug\Exceptions->shutdownHandler()
CRITICAL - 2023-09-16 05:07:42 --> Cannot declare class App\Controllers\ProductController, because the name is already in use
in APPPATH\Views\add.php on line 8.
 1 [internal function]: CodeIgniter\Debug\Exceptions->shutdownHandler()
CRITICAL - 2023-09-16 05:08:08 --> Cannot declare class App\Controllers\ProductController, because the name is already in use
in APPPATH\Views\add.php on line 8.
 1 [internal function]: CodeIgniter\Debug\Exceptions->shutdownHandler()
