CRITICAL - 2023-09-18 00:04:04 --> Undefined variable $product
in APPPATH\Views\add.php on line 40.
 1 APPPATH\Views\add.php(40): CodeIgniter\Debug\Exceptions->errorHandler(2, 'Undefined variable $product', 'C:\\laragon\\www\\liquigan\\app\\Views\\add.php', 40)
 2 SYSTEMPATH\View\View.php(226): include('C:\\laragon\\www\\liquigan\\app\\Views\\add.php')
 3 SYSTEMPATH\View\View.php(229): CodeIgniter\View\View->CodeIgniter\View\{closure}()
 4 SYSTEMPATH\Common.php(1188): CodeIgniter\View\View->render('add', [], true)
 5 APPPATH\Controllers\ProductController.php(48): view('add', [...])
 6 SYSTEMPATH\CodeIgniter.php(919): App\Controllers\ProductController->arkieno()
 7 SYSTEMPATH\CodeIgniter.php(494): CodeIgniter\CodeIgniter->runController(Object(App\Controllers\ProductController))
 8 SYSTEMPATH\CodeIgniter.php(353): CodeIgniter\CodeIgniter->handleRequest(null, Object(Config\Cache), false)
 9 FCPATH\index.php(79): CodeIgniter\CodeIgniter->run()
10 SYSTEMPATH\Commands\Server\rewrite.php(47): require_once('C:\\laragon\\www\\liquigan\\public\\index.php')
CRITICAL - 2023-09-18 01:10:47 --> Undefined property: App\Controllers\ProductController::$product
in APPPATH\Controllers\ProductController.php on line 57.
 1 APPPATH\Controllers\ProductController.php(57): CodeIgniter\Debug\Exceptions->errorHandler(2, 'Undefined property: App\\Controllers\\ProductController::$product', 'C:\\laragon\\www\\liquigan\\app\\Controllers\\ProductController.php', 57)
 2 SYSTEMPATH\CodeIgniter.php(919): App\Controllers\ProductController->arkieno()
 3 SYSTEMPATH\CodeIgniter.php(494): CodeIgniter\CodeIgniter->runController(Object(App\Controllers\ProductController))
 4 SYSTEMPATH\CodeIgniter.php(353): CodeIgniter\CodeIgniter->handleRequest(null, Object(Config\Cache), false)
 5 FCPATH\index.php(79): CodeIgniter\CodeIgniter->run()
 6 SYSTEMPATH\Commands\Server\rewrite.php(47): require_once('C:\\laragon\\www\\liquigan\\public\\index.php')
CRITICAL - 2023-09-18 01:51:19 --> Undefined array key "edit"
in APPPATH\Views\add.php on line 124.
 1 APPPATH\Views\add.php(124): CodeIgniter\Debug\Exceptions->errorHandler(2, 'Undefined array key "edit"', 'C:\\laragon\\www\\liquigan\\app\\Views\\add.php', 124)
 2 SYSTEMPATH\View\View.php(226): include('C:\\laragon\\www\\liquigan\\app\\Views\\add.php')
 3 SYSTEMPATH\View\View.php(229): CodeIgniter\View\View->CodeIgniter\View\{closure}()
 4 SYSTEMPATH\Common.php(1188): CodeIgniter\View\View->render('add', [], true)
 5 APPPATH\Controllers\ProductController.php(58): view('add', [...])
 6 SYSTEMPATH\CodeIgniter.php(919): App\Controllers\ProductController->arkieno()
 7 SYSTEMPATH\CodeIgniter.php(494): CodeIgniter\CodeIgniter->runController(Object(App\Controllers\ProductController))
 8 SYSTEMPATH\CodeIgniter.php(353): CodeIgniter\CodeIgniter->handleRequest(null, Object(Config\Cache), false)
 9 FCPATH\index.php(79): CodeIgniter\CodeIgniter->run()
10 SYSTEMPATH\Commands\Server\rewrite.php(47): require_once('C:\\laragon\\www\\liquigan\\public\\index.php')
CRITICAL - 2023-09-18 01:52:02 --> Undefined array key "edit"
in APPPATH\Views\add.php on line 124.
 1 APPPATH\Views\add.php(124): CodeIgniter\Debug\Exceptions->errorHandler(2, 'Undefined array key "edit"', 'C:\\laragon\\www\\liquigan\\app\\Views\\add.php', 124)
 2 SYSTEMPATH\View\View.php(226): include('C:\\laragon\\www\\liquigan\\app\\Views\\add.php')
 3 SYSTEMPATH\View\View.php(229): CodeIgniter\View\View->CodeIgniter\View\{closure}()
 4 SYSTEMPATH\Common.php(1188): CodeIgniter\View\View->render('add', [], true)
 5 APPPATH\Controllers\ProductController.php(58): view('add', [...])
 6 SYSTEMPATH\CodeIgniter.php(919): App\Controllers\ProductController->arkieno()
 7 SYSTEMPATH\CodeIgniter.php(494): CodeIgniter\CodeIgniter->runController(Object(App\Controllers\ProductController))
 8 SYSTEMPATH\CodeIgniter.php(353): CodeIgniter\CodeIgniter->handleRequest(null, Object(Config\Cache), false)
 9 FCPATH\index.php(79): CodeIgniter\CodeIgniter->run()
10 SYSTEMPATH\Commands\Server\rewrite.php(47): require_once('C:\\laragon\\www\\liquigan\\public\\index.php')
CRITICAL - 2023-09-18 01:52:21 --> Undefined array key "edit"
in APPPATH\Views\add.php on line 124.
 1 APPPATH\Views\add.php(124): CodeIgniter\Debug\Exceptions->errorHandler(2, 'Undefined array key "edit"', 'C:\\laragon\\www\\liquigan\\app\\Views\\add.php', 124)
 2 SYSTEMPATH\View\View.php(226): include('C:\\laragon\\www\\liquigan\\app\\Views\\add.php')
 3 SYSTEMPATH\View\View.php(229): CodeIgniter\View\View->CodeIgniter\View\{closure}()
 4 SYSTEMPATH\Common.php(1188): CodeIgniter\View\View->render('add', [], true)
 5 APPPATH\Controllers\ProductController.php(58): view('add', [...])
 6 SYSTEMPATH\CodeIgniter.php(919): App\Controllers\ProductController->arkieno()
 7 SYSTEMPATH\CodeIgniter.php(494): CodeIgniter\CodeIgniter->runController(Object(App\Controllers\ProductController))
 8 SYSTEMPATH\CodeIgniter.php(353): CodeIgniter\CodeIgniter->handleRequest(null, Object(Config\Cache), false)
 9 FCPATH\index.php(79): CodeIgniter\CodeIgniter->run()
10 SYSTEMPATH\Commands\Server\rewrite.php(47): require_once('C:\\laragon\\www\\liquigan\\public\\index.php')
CRITICAL - 2023-09-18 02:03:11 --> Invalid file: "products.php"
in SYSTEMPATH\Exceptions\FrameworkException.php on line 39.
 1 SYSTEMPATH\View\View.php(214): CodeIgniter\Exceptions\FrameworkException::forInvalidFile('products.php')
 2 SYSTEMPATH\Common.php(1188): CodeIgniter\View\View->render('products', [], true)
 3 APPPATH\Controllers\ProductController.php(30): view('products', [...])
 4 SYSTEMPATH\CodeIgniter.php(919): App\Controllers\ProductController->edit('59')
 5 SYSTEMPATH\CodeIgniter.php(494): CodeIgniter\CodeIgniter->runController(Object(App\Controllers\ProductController))
 6 SYSTEMPATH\CodeIgniter.php(353): CodeIgniter\CodeIgniter->handleRequest(null, Object(Config\Cache), false)
 7 FCPATH\index.php(79): CodeIgniter\CodeIgniter->run()
 8 SYSTEMPATH\Commands\Server\rewrite.php(47): require_once('C:\\laragon\\www\\liquigan\\public\\index.php')
CRITICAL - 2023-09-18 02:11:22 --> syntax error, unexpected token "return", expecting "]"
in APPPATH\Controllers\ProductController.php on line 32.
 1 SYSTEMPATH\Autoloader\Autoloader.php(285): CodeIgniter\Autoloader\Autoloader->includeFile('C:\\laragon\\www\\liquigan\\app\\Controllers\\ProductController.php')
 2 SYSTEMPATH\Autoloader\Autoloader.php(263): CodeIgniter\Autoloader\Autoloader->loadInNamespace('App\\Controllers\\ProductController')
 3 [internal function]: CodeIgniter\Autoloader\Autoloader->loadClass('App\\Controllers\\ProductController')
 4 SYSTEMPATH\CodeIgniter.php(877): class_exists('\\App\\Controllers\\ProductController', true)
 5 SYSTEMPATH\CodeIgniter.php(481): CodeIgniter\CodeIgniter->startController()
 6 SYSTEMPATH\CodeIgniter.php(353): CodeIgniter\CodeIgniter->handleRequest(null, Object(Config\Cache), false)
 7 FCPATH\index.php(79): CodeIgniter\CodeIgniter->run()
 8 SYSTEMPATH\Commands\Server\rewrite.php(47): require_once('C:\\laragon\\www\\liquigan\\public\\index.php')
CRITICAL - 2023-09-18 02:11:36 --> syntax error, unexpected token "return", expecting "]"
in APPPATH\Controllers\ProductController.php on line 32.
 1 SYSTEMPATH\Autoloader\Autoloader.php(285): CodeIgniter\Autoloader\Autoloader->includeFile('C:\\laragon\\www\\liquigan\\app\\Controllers\\ProductController.php')
 2 SYSTEMPATH\Autoloader\Autoloader.php(263): CodeIgniter\Autoloader\Autoloader->loadInNamespace('App\\Controllers\\ProductController')
 3 [internal function]: CodeIgniter\Autoloader\Autoloader->loadClass('App\\Controllers\\ProductController')
 4 SYSTEMPATH\CodeIgniter.php(877): class_exists('\\App\\Controllers\\ProductController', true)
 5 SYSTEMPATH\CodeIgniter.php(481): CodeIgniter\CodeIgniter->startController()
 6 SYSTEMPATH\CodeIgniter.php(353): CodeIgniter\CodeIgniter->handleRequest(null, Object(Config\Cache), false)
 7 FCPATH\index.php(79): CodeIgniter\CodeIgniter->run()
 8 SYSTEMPATH\Commands\Server\rewrite.php(47): require_once('C:\\laragon\\www\\liquigan\\public\\index.php')
CRITICAL - 2023-09-18 02:11:37 --> syntax error, unexpected token "return", expecting "]"
in APPPATH\Controllers\ProductController.php on line 32.
 1 SYSTEMPATH\Autoloader\Autoloader.php(285): CodeIgniter\Autoloader\Autoloader->includeFile('C:\\laragon\\www\\liquigan\\app\\Controllers\\ProductController.php')
 2 SYSTEMPATH\Autoloader\Autoloader.php(263): CodeIgniter\Autoloader\Autoloader->loadInNamespace('App\\Controllers\\ProductController')
 3 [internal function]: CodeIgniter\Autoloader\Autoloader->loadClass('App\\Controllers\\ProductController')
 4 SYSTEMPATH\CodeIgniter.php(877): class_exists('\\App\\Controllers\\ProductController', true)
 5 SYSTEMPATH\CodeIgniter.php(481): CodeIgniter\CodeIgniter->startController()
 6 SYSTEMPATH\CodeIgniter.php(353): CodeIgniter\CodeIgniter->handleRequest(null, Object(Config\Cache), false)
 7 FCPATH\index.php(79): CodeIgniter\CodeIgniter->run()
 8 SYSTEMPATH\Commands\Server\rewrite.php(47): require_once('C:\\laragon\\www\\liquigan\\public\\index.php')
CRITICAL - 2023-09-18 02:12:30 --> syntax error, unexpected token "return", expecting "]"
in APPPATH\Controllers\ProductController.php on line 33.
 1 SYSTEMPATH\Autoloader\Autoloader.php(285): CodeIgniter\Autoloader\Autoloader->includeFile('C:\\laragon\\www\\liquigan\\app\\Controllers\\ProductController.php')
 2 SYSTEMPATH\Autoloader\Autoloader.php(263): CodeIgniter\Autoloader\Autoloader->loadInNamespace('App\\Controllers\\ProductController')
 3 [internal function]: CodeIgniter\Autoloader\Autoloader->loadClass('App\\Controllers\\ProductController')
 4 SYSTEMPATH\CodeIgniter.php(877): class_exists('\\App\\Controllers\\ProductController', true)
 5 SYSTEMPATH\CodeIgniter.php(481): CodeIgniter\CodeIgniter->startController()
 6 SYSTEMPATH\CodeIgniter.php(353): CodeIgniter\CodeIgniter->handleRequest(null, Object(Config\Cache), false)
 7 FCPATH\index.php(79): CodeIgniter\CodeIgniter->run()
 8 SYSTEMPATH\Commands\Server\rewrite.php(47): require_once('C:\\laragon\\www\\liquigan\\public\\index.php')
CRITICAL - 2023-09-18 02:16:06 --> Undefined property: App\Controllers\ProductController::$products
in APPPATH\Controllers\ProductController.php on line 31.
 1 APPPATH\Controllers\ProductController.php(31): CodeIgniter\Debug\Exceptions->errorHandler(2, 'Undefined property: App\\Controllers\\ProductController::$products', 'C:\\laragon\\www\\liquigan\\app\\Controllers\\ProductController.php', 31)
 2 SYSTEMPATH\CodeIgniter.php(919): App\Controllers\ProductController->edit('59')
 3 SYSTEMPATH\CodeIgniter.php(494): CodeIgniter\CodeIgniter->runController(Object(App\Controllers\ProductController))
 4 SYSTEMPATH\CodeIgniter.php(353): CodeIgniter\CodeIgniter->handleRequest(null, Object(Config\Cache), false)
 5 FCPATH\index.php(79): CodeIgniter\CodeIgniter->run()
 6 SYSTEMPATH\Commands\Server\rewrite.php(47): require_once('C:\\laragon\\www\\liquigan\\public\\index.php')
CRITICAL - 2023-09-18 02:25:22 --> Undefined variable $pro
in APPPATH\Views\add.php on line 12.
 1 APPPATH\Views\add.php(12): CodeIgniter\Debug\Exceptions->errorHandler(2, 'Undefined variable $pro', 'C:\\laragon\\www\\liquigan\\app\\Views\\add.php', 12)
 2 SYSTEMPATH\View\View.php(226): include('C:\\laragon\\www\\liquigan\\app\\Views\\add.php')
 3 SYSTEMPATH\View\View.php(229): CodeIgniter\View\View->CodeIgniter\View\{closure}()
 4 SYSTEMPATH\Common.php(1188): CodeIgniter\View\View->render('add', [], true)
 5 APPPATH\Controllers\ProductController.php(69): view('add', [...])
 6 SYSTEMPATH\CodeIgniter.php(919): App\Controllers\ProductController->arkieno()
 7 SYSTEMPATH\CodeIgniter.php(494): CodeIgniter\CodeIgniter->runController(Object(App\Controllers\ProductController))
 8 SYSTEMPATH\CodeIgniter.php(353): CodeIgniter\CodeIgniter->handleRequest(null, Object(Config\Cache), false)
 9 FCPATH\index.php(79): CodeIgniter\CodeIgniter->run()
10 SYSTEMPATH\Commands\Server\rewrite.php(47): require_once('C:\\laragon\\www\\liquigan\\public\\index.php')
CRITICAL - 2023-09-18 02:25:28 --> Undefined variable $pro
in APPPATH\Views\add.php on line 12.
 1 APPPATH\Views\add.php(12): CodeIgniter\Debug\Exceptions->errorHandler(2, 'Undefined variable $pro', 'C:\\laragon\\www\\liquigan\\app\\Views\\add.php', 12)
 2 SYSTEMPATH\View\View.php(226): include('C:\\laragon\\www\\liquigan\\app\\Views\\add.php')
 3 SYSTEMPATH\View\View.php(229): CodeIgniter\View\View->CodeIgniter\View\{closure}()
 4 SYSTEMPATH\Common.php(1188): CodeIgniter\View\View->render('add', [], true)
 5 APPPATH\Controllers\ProductController.php(69): view('add', [...])
 6 SYSTEMPATH\CodeIgniter.php(919): App\Controllers\ProductController->arkieno()
 7 SYSTEMPATH\CodeIgniter.php(494): CodeIgniter\CodeIgniter->runController(Object(App\Controllers\ProductController))
 8 SYSTEMPATH\CodeIgniter.php(353): CodeIgniter\CodeIgniter->handleRequest(null, Object(Config\Cache), false)
 9 FCPATH\index.php(79): CodeIgniter\CodeIgniter->run()
10 SYSTEMPATH\Commands\Server\rewrite.php(47): require_once('C:\\laragon\\www\\liquigan\\public\\index.php')
CRITICAL - 2023-09-18 02:25:58 --> Undefined variable $pro
in APPPATH\Views\add.php on line 12.
 1 APPPATH\Views\add.php(12): CodeIgniter\Debug\Exceptions->errorHandler(2, 'Undefined variable $pro', 'C:\\laragon\\www\\liquigan\\app\\Views\\add.php', 12)
 2 SYSTEMPATH\View\View.php(226): include('C:\\laragon\\www\\liquigan\\app\\Views\\add.php')
 3 SYSTEMPATH\View\View.php(229): CodeIgniter\View\View->CodeIgniter\View\{closure}()
 4 SYSTEMPATH\Common.php(1188): CodeIgniter\View\View->render('add', [], true)
 5 APPPATH\Controllers\ProductController.php(69): view('add', [...])
 6 SYSTEMPATH\CodeIgniter.php(919): App\Controllers\ProductController->arkieno()
 7 SYSTEMPATH\CodeIgniter.php(494): CodeIgniter\CodeIgniter->runController(Object(App\Controllers\ProductController))
 8 SYSTEMPATH\CodeIgniter.php(353): CodeIgniter\CodeIgniter->handleRequest(null, Object(Config\Cache), false)
 9 FCPATH\index.php(79): CodeIgniter\CodeIgniter->run()
10 SYSTEMPATH\Commands\Server\rewrite.php(47): require_once('C:\\laragon\\www\\liquigan\\public\\index.php')
CRITICAL - 2023-09-18 02:29:45 --> Undefined variable $pro
in APPPATH\Views\add.php on line 12.
 1 APPPATH\Views\add.php(12): CodeIgniter\Debug\Exceptions->errorHandler(2, 'Undefined variable $pro', 'C:\\laragon\\www\\liquigan\\app\\Views\\add.php', 12)
 2 SYSTEMPATH\View\View.php(226): include('C:\\laragon\\www\\liquigan\\app\\Views\\add.php')
 3 SYSTEMPATH\View\View.php(229): CodeIgniter\View\View->CodeIgniter\View\{closure}()
 4 SYSTEMPATH\Common.php(1188): CodeIgniter\View\View->render('add', [], true)
 5 APPPATH\Controllers\ProductController.php(69): view('add', [...])
 6 SYSTEMPATH\CodeIgniter.php(919): App\Controllers\ProductController->arkieno()
 7 SYSTEMPATH\CodeIgniter.php(494): CodeIgniter\CodeIgniter->runController(Object(App\Controllers\ProductController))
 8 SYSTEMPATH\CodeIgniter.php(353): CodeIgniter\CodeIgniter->handleRequest(null, Object(Config\Cache), false)
 9 FCPATH\index.php(79): CodeIgniter\CodeIgniter->run()
10 SYSTEMPATH\Commands\Server\rewrite.php(47): require_once('C:\\laragon\\www\\liquigan\\public\\index.php')
CRITICAL - 2023-09-18 02:31:37 --> Undefined variable $pro
in APPPATH\Views\add.php on line 12.
 1 APPPATH\Views\add.php(12): CodeIgniter\Debug\Exceptions->errorHandler(2, 'Undefined variable $pro', 'C:\\laragon\\www\\liquigan\\app\\Views\\add.php', 12)
 2 SYSTEMPATH\View\View.php(226): include('C:\\laragon\\www\\liquigan\\app\\Views\\add.php')
 3 SYSTEMPATH\View\View.php(229): CodeIgniter\View\View->CodeIgniter\View\{closure}()
 4 SYSTEMPATH\Common.php(1188): CodeIgniter\View\View->render('add', [], true)
 5 APPPATH\Controllers\ProductController.php(69): view('add', [...])
 6 SYSTEMPATH\CodeIgniter.php(919): App\Controllers\ProductController->arkieno()
 7 SYSTEMPATH\CodeIgniter.php(494): CodeIgniter\CodeIgniter->runController(Object(App\Controllers\ProductController))
 8 SYSTEMPATH\CodeIgniter.php(353): CodeIgniter\CodeIgniter->handleRequest(null, Object(Config\Cache), false)
 9 FCPATH\index.php(79): CodeIgniter\CodeIgniter->run()
10 SYSTEMPATH\Commands\Server\rewrite.php(47): require_once('C:\\laragon\\www\\liquigan\\public\\index.php')
CRITICAL - 2023-09-18 02:32:15 --> Undefined variable $pro
in APPPATH\Views\add.php on line 12.
 1 APPPATH\Views\add.php(12): CodeIgniter\Debug\Exceptions->errorHandler(2, 'Undefined variable $pro', 'C:\\laragon\\www\\liquigan\\app\\Views\\add.php', 12)
 2 SYSTEMPATH\View\View.php(226): include('C:\\laragon\\www\\liquigan\\app\\Views\\add.php')
 3 SYSTEMPATH\View\View.php(229): CodeIgniter\View\View->CodeIgniter\View\{closure}()
 4 SYSTEMPATH\Common.php(1188): CodeIgniter\View\View->render('add', [], true)
 5 APPPATH\Controllers\ProductController.php(69): view('add', [...])
 6 SYSTEMPATH\CodeIgniter.php(919): App\Controllers\ProductController->arkieno()
 7 SYSTEMPATH\CodeIgniter.php(494): CodeIgniter\CodeIgniter->runController(Object(App\Controllers\ProductController))
 8 SYSTEMPATH\CodeIgniter.php(353): CodeIgniter\CodeIgniter->handleRequest(null, Object(Config\Cache), false)
 9 FCPATH\index.php(79): CodeIgniter\CodeIgniter->run()
10 SYSTEMPATH\Commands\Server\rewrite.php(47): require_once('C:\\laragon\\www\\liquigan\\public\\index.php')
CRITICAL - 2023-09-18 02:32:16 --> Undefined variable $pro
in APPPATH\Views\add.php on line 12.
 1 APPPATH\Views\add.php(12): CodeIgniter\Debug\Exceptions->errorHandler(2, 'Undefined variable $pro', 'C:\\laragon\\www\\liquigan\\app\\Views\\add.php', 12)
 2 SYSTEMPATH\View\View.php(226): include('C:\\laragon\\www\\liquigan\\app\\Views\\add.php')
 3 SYSTEMPATH\View\View.php(229): CodeIgniter\View\View->CodeIgniter\View\{closure}()
 4 SYSTEMPATH\Common.php(1188): CodeIgniter\View\View->render('add', [], true)
 5 APPPATH\Controllers\ProductController.php(69): view('add', [...])
 6 SYSTEMPATH\CodeIgniter.php(919): App\Controllers\ProductController->arkieno()
 7 SYSTEMPATH\CodeIgniter.php(494): CodeIgniter\CodeIgniter->runController(Object(App\Controllers\ProductController))
 8 SYSTEMPATH\CodeIgniter.php(353): CodeIgniter\CodeIgniter->handleRequest(null, Object(Config\Cache), false)
 9 FCPATH\index.php(79): CodeIgniter\CodeIgniter->run()
10 SYSTEMPATH\Commands\Server\rewrite.php(47): require_once('C:\\laragon\\www\\liquigan\\public\\index.php')
CRITICAL - 2023-09-18 02:32:17 --> Undefined variable $pro
in APPPATH\Views\add.php on line 12.
 1 APPPATH\Views\add.php(12): CodeIgniter\Debug\Exceptions->errorHandler(2, 'Undefined variable $pro', 'C:\\laragon\\www\\liquigan\\app\\Views\\add.php', 12)
 2 SYSTEMPATH\View\View.php(226): include('C:\\laragon\\www\\liquigan\\app\\Views\\add.php')
 3 SYSTEMPATH\View\View.php(229): CodeIgniter\View\View->CodeIgniter\View\{closure}()
 4 SYSTEMPATH\Common.php(1188): CodeIgniter\View\View->render('add', [], true)
 5 APPPATH\Controllers\ProductController.php(69): view('add', [...])
 6 SYSTEMPATH\CodeIgniter.php(919): App\Controllers\ProductController->arkieno()
 7 SYSTEMPATH\CodeIgniter.php(494): CodeIgniter\CodeIgniter->runController(Object(App\Controllers\ProductController))
 8 SYSTEMPATH\CodeIgniter.php(353): CodeIgniter\CodeIgniter->handleRequest(null, Object(Config\Cache), false)
 9 FCPATH\index.php(79): CodeIgniter\CodeIgniter->run()
10 SYSTEMPATH\Commands\Server\rewrite.php(47): require_once('C:\\laragon\\www\\liquigan\\public\\index.php')
CRITICAL - 2023-09-18 02:32:20 --> Undefined variable $pro
in APPPATH\Views\add.php on line 12.
 1 APPPATH\Views\add.php(12): CodeIgniter\Debug\Exceptions->errorHandler(2, 'Undefined variable $pro', 'C:\\laragon\\www\\liquigan\\app\\Views\\add.php', 12)
 2 SYSTEMPATH\View\View.php(226): include('C:\\laragon\\www\\liquigan\\app\\Views\\add.php')
 3 SYSTEMPATH\View\View.php(229): CodeIgniter\View\View->CodeIgniter\View\{closure}()
 4 SYSTEMPATH\Common.php(1188): CodeIgniter\View\View->render('add', [], true)
 5 APPPATH\Controllers\ProductController.php(34): view('add', [...])
 6 SYSTEMPATH\CodeIgniter.php(919): App\Controllers\ProductController->edit('64')
 7 SYSTEMPATH\CodeIgniter.php(494): CodeIgniter\CodeIgniter->runController(Object(App\Controllers\ProductController))
 8 SYSTEMPATH\CodeIgniter.php(353): CodeIgniter\CodeIgniter->handleRequest(null, Object(Config\Cache), false)
 9 FCPATH\index.php(79): CodeIgniter\CodeIgniter->run()
10 SYSTEMPATH\Commands\Server\rewrite.php(47): require_once('C:\\laragon\\www\\liquigan\\public\\index.php')
CRITICAL - 2023-09-18 02:32:21 --> Undefined variable $pro
in APPPATH\Views\add.php on line 12.
 1 APPPATH\Views\add.php(12): CodeIgniter\Debug\Exceptions->errorHandler(2, 'Undefined variable $pro', 'C:\\laragon\\www\\liquigan\\app\\Views\\add.php', 12)
 2 SYSTEMPATH\View\View.php(226): include('C:\\laragon\\www\\liquigan\\app\\Views\\add.php')
 3 SYSTEMPATH\View\View.php(229): CodeIgniter\View\View->CodeIgniter\View\{closure}()
 4 SYSTEMPATH\Common.php(1188): CodeIgniter\View\View->render('add', [], true)
 5 APPPATH\Controllers\ProductController.php(69): view('add', [...])
 6 SYSTEMPATH\CodeIgniter.php(919): App\Controllers\ProductController->arkieno()
 7 SYSTEMPATH\CodeIgniter.php(494): CodeIgniter\CodeIgniter->runController(Object(App\Controllers\ProductController))
 8 SYSTEMPATH\CodeIgniter.php(353): CodeIgniter\CodeIgniter->handleRequest(null, Object(Config\Cache), false)
 9 FCPATH\index.php(79): CodeIgniter\CodeIgniter->run()
10 SYSTEMPATH\Commands\Server\rewrite.php(47): require_once('C:\\laragon\\www\\liquigan\\public\\index.php')
CRITICAL - 2023-09-18 02:32:23 --> Undefined variable $pro
in APPPATH\Views\add.php on line 12.
 1 APPPATH\Views\add.php(12): CodeIgniter\Debug\Exceptions->errorHandler(2, 'Undefined variable $pro', 'C:\\laragon\\www\\liquigan\\app\\Views\\add.php', 12)
 2 SYSTEMPATH\View\View.php(226): include('C:\\laragon\\www\\liquigan\\app\\Views\\add.php')
 3 SYSTEMPATH\View\View.php(229): CodeIgniter\View\View->CodeIgniter\View\{closure}()
 4 SYSTEMPATH\Common.php(1188): CodeIgniter\View\View->render('add', [], true)
 5 APPPATH\Controllers\ProductController.php(69): view('add', [...])
 6 SYSTEMPATH\CodeIgniter.php(919): App\Controllers\ProductController->arkieno()
 7 SYSTEMPATH\CodeIgniter.php(494): CodeIgniter\CodeIgniter->runController(Object(App\Controllers\ProductController))
 8 SYSTEMPATH\CodeIgniter.php(353): CodeIgniter\CodeIgniter->handleRequest(null, Object(Config\Cache), false)
 9 FCPATH\index.php(79): CodeIgniter\CodeIgniter->run()
10 SYSTEMPATH\Commands\Server\rewrite.php(47): require_once('C:\\laragon\\www\\liquigan\\public\\index.php')
CRITICAL - 2023-09-18 02:32:29 --> Undefined variable $pro
in APPPATH\Views\add.php on line 12.
 1 APPPATH\Views\add.php(12): CodeIgniter\Debug\Exceptions->errorHandler(2, 'Undefined variable $pro', 'C:\\laragon\\www\\liquigan\\app\\Views\\add.php', 12)
 2 SYSTEMPATH\View\View.php(226): include('C:\\laragon\\www\\liquigan\\app\\Views\\add.php')
 3 SYSTEMPATH\View\View.php(229): CodeIgniter\View\View->CodeIgniter\View\{closure}()
 4 SYSTEMPATH\Common.php(1188): CodeIgniter\View\View->render('add', [], true)
 5 APPPATH\Controllers\ProductController.php(34): view('add', [...])
 6 SYSTEMPATH\CodeIgniter.php(919): App\Controllers\ProductController->edit('33')
 7 SYSTEMPATH\CodeIgniter.php(494): CodeIgniter\CodeIgniter->runController(Object(App\Controllers\ProductController))
 8 SYSTEMPATH\CodeIgniter.php(353): CodeIgniter\CodeIgniter->handleRequest(null, Object(Config\Cache), false)
 9 FCPATH\index.php(79): CodeIgniter\CodeIgniter->run()
10 SYSTEMPATH\Commands\Server\rewrite.php(47): require_once('C:\\laragon\\www\\liquigan\\public\\index.php')
CRITICAL - 2023-09-18 02:32:38 --> Undefined variable $pro
in APPPATH\Views\add.php on line 12.
 1 APPPATH\Views\add.php(12): CodeIgniter\Debug\Exceptions->errorHandler(2, 'Undefined variable $pro', 'C:\\laragon\\www\\liquigan\\app\\Views\\add.php', 12)
 2 SYSTEMPATH\View\View.php(226): include('C:\\laragon\\www\\liquigan\\app\\Views\\add.php')
 3 SYSTEMPATH\View\View.php(229): CodeIgniter\View\View->CodeIgniter\View\{closure}()
 4 SYSTEMPATH\Common.php(1188): CodeIgniter\View\View->render('add', [], true)
 5 APPPATH\Controllers\ProductController.php(34): view('add', [...])
 6 SYSTEMPATH\CodeIgniter.php(919): App\Controllers\ProductController->edit('33')
 7 SYSTEMPATH\CodeIgniter.php(494): CodeIgniter\CodeIgniter->runController(Object(App\Controllers\ProductController))
 8 SYSTEMPATH\CodeIgniter.php(353): CodeIgniter\CodeIgniter->handleRequest(null, Object(Config\Cache), false)
 9 FCPATH\index.php(79): CodeIgniter\CodeIgniter->run()
10 SYSTEMPATH\Commands\Server\rewrite.php(47): require_once('C:\\laragon\\www\\liquigan\\public\\index.php')
CRITICAL - 2023-09-18 02:33:07 --> Undefined variable $pro
in APPPATH\Views\add.php on line 12.
 1 APPPATH\Views\add.php(12): CodeIgniter\Debug\Exceptions->errorHandler(2, 'Undefined variable $pro', 'C:\\laragon\\www\\liquigan\\app\\Views\\add.php', 12)
 2 SYSTEMPATH\View\View.php(226): include('C:\\laragon\\www\\liquigan\\app\\Views\\add.php')
 3 SYSTEMPATH\View\View.php(229): CodeIgniter\View\View->CodeIgniter\View\{closure}()
 4 SYSTEMPATH\Common.php(1188): CodeIgniter\View\View->render('add', [], true)
 5 APPPATH\Controllers\ProductController.php(34): view('add', [...])
 6 SYSTEMPATH\CodeIgniter.php(919): App\Controllers\ProductController->edit('33')
 7 SYSTEMPATH\CodeIgniter.php(494): CodeIgniter\CodeIgniter->runController(Object(App\Controllers\ProductController))
 8 SYSTEMPATH\CodeIgniter.php(353): CodeIgniter\CodeIgniter->handleRequest(null, Object(Config\Cache), false)
 9 FCPATH\index.php(79): CodeIgniter\CodeIgniter->run()
10 SYSTEMPATH\Commands\Server\rewrite.php(47): require_once('C:\\laragon\\www\\liquigan\\public\\index.php')
CRITICAL - 2023-09-18 02:33:10 --> Undefined variable $pro
in APPPATH\Views\add.php on line 12.
 1 APPPATH\Views\add.php(12): CodeIgniter\Debug\Exceptions->errorHandler(2, 'Undefined variable $pro', 'C:\\laragon\\www\\liquigan\\app\\Views\\add.php', 12)
 2 SYSTEMPATH\View\View.php(226): include('C:\\laragon\\www\\liquigan\\app\\Views\\add.php')
 3 SYSTEMPATH\View\View.php(229): CodeIgniter\View\View->CodeIgniter\View\{closure}()
 4 SYSTEMPATH\Common.php(1188): CodeIgniter\View\View->render('add', [], true)
 5 APPPATH\Controllers\ProductController.php(34): view('add', [...])
 6 SYSTEMPATH\CodeIgniter.php(919): App\Controllers\ProductController->edit('33')
 7 SYSTEMPATH\CodeIgniter.php(494): CodeIgniter\CodeIgniter->runController(Object(App\Controllers\ProductController))
 8 SYSTEMPATH\CodeIgniter.php(353): CodeIgniter\CodeIgniter->handleRequest(null, Object(Config\Cache), false)
 9 FCPATH\index.php(79): CodeIgniter\CodeIgniter->run()
10 SYSTEMPATH\Commands\Server\rewrite.php(47): require_once('C:\\laragon\\www\\liquigan\\public\\index.php')
CRITICAL - 2023-09-18 02:33:23 --> Undefined variable $pro
in APPPATH\Views\add.php on line 12.
 1 APPPATH\Views\add.php(12): CodeIgniter\Debug\Exceptions->errorHandler(2, 'Undefined variable $pro', 'C:\\laragon\\www\\liquigan\\app\\Views\\add.php', 12)
 2 SYSTEMPATH\View\View.php(226): include('C:\\laragon\\www\\liquigan\\app\\Views\\add.php')
 3 SYSTEMPATH\View\View.php(229): CodeIgniter\View\View->CodeIgniter\View\{closure}()
 4 SYSTEMPATH\Common.php(1188): CodeIgniter\View\View->render('add', [], true)
 5 APPPATH\Controllers\ProductController.php(69): view('add', [...])
 6 SYSTEMPATH\CodeIgniter.php(919): App\Controllers\ProductController->arkieno()
 7 SYSTEMPATH\CodeIgniter.php(494): CodeIgniter\CodeIgniter->runController(Object(App\Controllers\ProductController))
 8 SYSTEMPATH\CodeIgniter.php(353): CodeIgniter\CodeIgniter->handleRequest(null, Object(Config\Cache), false)
 9 FCPATH\index.php(79): CodeIgniter\CodeIgniter->run()
10 SYSTEMPATH\Commands\Server\rewrite.php(47): require_once('C:\\laragon\\www\\liquigan\\public\\index.php')
CRITICAL - 2023-09-18 02:41:09 --> Undefined variable $pro
in APPPATH\Views\add.php on line 12.
 1 APPPATH\Views\add.php(12): CodeIgniter\Debug\Exceptions->errorHandler(2, 'Undefined variable $pro', 'C:\\laragon\\www\\liquigan\\app\\Views\\add.php', 12)
 2 SYSTEMPATH\View\View.php(226): include('C:\\laragon\\www\\liquigan\\app\\Views\\add.php')
 3 SYSTEMPATH\View\View.php(229): CodeIgniter\View\View->CodeIgniter\View\{closure}()
 4 SYSTEMPATH\Common.php(1188): CodeIgniter\View\View->render('add', [], true)
 5 APPPATH\Controllers\ProductController.php(69): view('add', [...])
 6 SYSTEMPATH\CodeIgniter.php(919): App\Controllers\ProductController->arkieno()
 7 SYSTEMPATH\CodeIgniter.php(494): CodeIgniter\CodeIgniter->runController(Object(App\Controllers\ProductController))
 8 SYSTEMPATH\CodeIgniter.php(353): CodeIgniter\CodeIgniter->handleRequest(null, Object(Config\Cache), false)
 9 FCPATH\index.php(79): CodeIgniter\CodeIgniter->run()
10 SYSTEMPATH\Commands\Server\rewrite.php(47): require_once('C:\\laragon\\www\\liquigan\\public\\index.php')
CRITICAL - 2023-09-18 02:41:26 --> Undefined variable $pro
in APPPATH\Views\add.php on line 12.
 1 APPPATH\Views\add.php(12): CodeIgniter\Debug\Exceptions->errorHandler(2, 'Undefined variable $pro', 'C:\\laragon\\www\\liquigan\\app\\Views\\add.php', 12)
 2 SYSTEMPATH\View\View.php(226): include('C:\\laragon\\www\\liquigan\\app\\Views\\add.php')
 3 SYSTEMPATH\View\View.php(229): CodeIgniter\View\View->CodeIgniter\View\{closure}()
 4 SYSTEMPATH\Common.php(1188): CodeIgniter\View\View->render('add', [], true)
 5 APPPATH\Controllers\ProductController.php(69): view('add', [...])
 6 SYSTEMPATH\CodeIgniter.php(919): App\Controllers\ProductController->arkieno()
 7 SYSTEMPATH\CodeIgniter.php(494): CodeIgniter\CodeIgniter->runController(Object(App\Controllers\ProductController))
 8 SYSTEMPATH\CodeIgniter.php(353): CodeIgniter\CodeIgniter->handleRequest(null, Object(Config\Cache), false)
 9 FCPATH\index.php(79): CodeIgniter\CodeIgniter->run()
10 SYSTEMPATH\Commands\Server\rewrite.php(47): require_once('C:\\laragon\\www\\liquigan\\public\\index.php')
CRITICAL - 2023-09-18 02:54:54 --> Undefined variable $pro
in APPPATH\Views\add.php on line 12.
 1 APPPATH\Views\add.php(12): CodeIgniter\Debug\Exceptions->errorHandler(2, 'Undefined variable $pro', 'C:\\laragon\\www\\liquigan\\app\\Views\\add.php', 12)
 2 SYSTEMPATH\View\View.php(226): include('C:\\laragon\\www\\liquigan\\app\\Views\\add.php')
 3 SYSTEMPATH\View\View.php(229): CodeIgniter\View\View->CodeIgniter\View\{closure}()
 4 SYSTEMPATH\Common.php(1188): CodeIgniter\View\View->render('add', [], true)
 5 APPPATH\Controllers\ProductController.php(69): view('add', [...])
 6 SYSTEMPATH\CodeIgniter.php(919): App\Controllers\ProductController->arkieno()
 7 SYSTEMPATH\CodeIgniter.php(494): CodeIgniter\CodeIgniter->runController(Object(App\Controllers\ProductController))
 8 SYSTEMPATH\CodeIgniter.php(353): CodeIgniter\CodeIgniter->handleRequest(null, Object(Config\Cache), false)
 9 FCPATH\index.php(79): CodeIgniter\CodeIgniter->run()
10 SYSTEMPATH\Commands\Server\rewrite.php(47): require_once('C:\\laragon\\www\\liquigan\\public\\index.php')
